Performing C++ SOURCE FILE Test COMPILER_SUPPORT_Wshorten64to32 failed with the following output:
Change Dir: /home/cmea/comp/project1_handout/corona_dirk/build/Eigen-prefix/src/Eigen-build/CMakeFiles/CMakeTmp

Run Build Command:"/usr/bin/make" "cmTC_20931/fast"
make[3]: Entering directory '/home/cmea/comp/project1_handout/corona_dirk/build/Eigen-prefix/src/Eigen-build/CMakeFiles/CMakeTmp'
/usr/bin/make -f CMakeFiles/cmTC_20931.dir/build.make CMakeFiles/cmTC_20931.dir/build
make[4]: Entering directory '/home/cmea/comp/project1_handout/corona_dirk/build/Eigen-prefix/src/Eigen-build/CMakeFiles/CMakeTmp'
Building CXX object CMakeFiles/cmTC_20931.dir/src.cxx.o
/usr/bin/c++    -std=c++03 -pedantic -Wall -Wextra -Wundef -Wcast-align -Wchar-subscripts -Wnon-virtual-dtor -Wunused-local-typedefs -Wpointer-arith -Wwrite-strings -Wformat-security -DCOMPILER_SUPPORT_Wshorten64to32 -Werror   -Wshorten-64-to-32 -o CMakeFiles/cmTC_20931.dir/src.cxx.o -c /home/cmea/comp/project1_handout/corona_dirk/build/Eigen-prefix/src/Eigen-build/CMakeFiles/CMakeTmp/src.cxx
c++: error: unrecognized command line option '-Wshorten-64-to-32'
CMakeFiles/cmTC_20931.dir/build.make:65: recipe for target 'CMakeFiles/cmTC_20931.dir/src.cxx.o' failed
make[4]: *** [CMakeFiles/cmTC_20931.dir/src.cxx.o] Error 1
make[4]: Leaving directory '/home/cmea/comp/project1_handout/corona_dirk/build/Eigen-prefix/src/Eigen-build/CMakeFiles/CMakeTmp'
Makefile:126: recipe for target 'cmTC_20931/fast' failed
make[3]: *** [cmTC_20931/fast] Error 2
make[3]: Leaving directory '/home/cmea/comp/project1_handout/corona_dirk/build/Eigen-prefix/src/Eigen-build/CMakeFiles/CMakeTmp'

Source file was:
int main() { return 0; }
Performing C++ SOURCE FILE Test COMPILER_SUPPORT_Wenumconversion failed with the following output:
Change Dir: /home/cmea/comp/project1_handout/corona_dirk/build/Eigen-prefix/src/Eigen-build/CMakeFiles/CMakeTmp

Run Build Command:"/usr/bin/make" "cmTC_5fa74/fast"
make[3]: Entering directory '/home/cmea/comp/project1_handout/corona_dirk/build/Eigen-prefix/src/Eigen-build/CMakeFiles/CMakeTmp'
/usr/bin/make -f CMakeFiles/cmTC_5fa74.dir/build.make CMakeFiles/cmTC_5fa74.dir/build
make[4]: Entering directory '/home/cmea/comp/project1_handout/corona_dirk/build/Eigen-prefix/src/Eigen-build/CMakeFiles/CMakeTmp'
Building CXX object CMakeFiles/cmTC_5fa74.dir/src.cxx.o
/usr/bin/c++    -std=c++03 -pedantic -Wall -Wextra -Wundef -Wcast-align -Wchar-subscripts -Wnon-virtual-dtor -Wunused-local-typedefs -Wpointer-arith -Wwrite-strings -Wformat-security -Wlogical-op -DCOMPILER_SUPPORT_Wenumconversion -Werror   -Wenum-conversion -o CMakeFiles/cmTC_5fa74.dir/src.cxx.o -c /home/cmea/comp/project1_handout/corona_dirk/build/Eigen-prefix/src/Eigen-build/CMakeFiles/CMakeTmp/src.cxx
c++: error: unrecognized command line option '-Wenum-conversion'; did you mean '-Wno-conversion'?
CMakeFiles/cmTC_5fa74.dir/build.make:65: recipe for target 'CMakeFiles/cmTC_5fa74.dir/src.cxx.o' failed
make[4]: *** [CMakeFiles/cmTC_5fa74.dir/src.cxx.o] Error 1
make[4]: Leaving directory '/home/cmea/comp/project1_handout/corona_dirk/build/Eigen-prefix/src/Eigen-build/CMakeFiles/CMakeTmp'
Makefile:126: recipe for target 'cmTC_5fa74/fast' failed
make[3]: *** [cmTC_5fa74/fast] Error 2
make[3]: Leaving directory '/home/cmea/comp/project1_handout/corona_dirk/build/Eigen-prefix/src/Eigen-build/CMakeFiles/CMakeTmp'

Source file was:
int main() { return 0; }
Performing C++ SOURCE FILE Test COMPILER_SUPPORT_Wcpp11extensions failed with the following output:
Change Dir: /home/cmea/comp/project1_handout/corona_dirk/build/Eigen-prefix/src/Eigen-build/CMakeFiles/CMakeTmp

Run Build Command:"/usr/bin/make" "cmTC_cb320/fast"
make[3]: Entering directory '/home/cmea/comp/project1_handout/corona_dirk/build/Eigen-prefix/src/Eigen-build/CMakeFiles/CMakeTmp'
/usr/bin/make -f CMakeFiles/cmTC_cb320.dir/build.make CMakeFiles/cmTC_cb320.dir/build
make[4]: Entering directory '/home/cmea/comp/project1_handout/corona_dirk/build/Eigen-prefix/src/Eigen-build/CMakeFiles/CMakeTmp'
Building CXX object CMakeFiles/cmTC_cb320.dir/src.cxx.o
/usr/bin/c++    -std=c++03 -pedantic -Wall -Wextra -Wundef -Wcast-align -Wchar-subscripts -Wnon-virtual-dtor -Wunused-local-typedefs -Wpointer-arith -Wwrite-strings -Wformat-security -Wlogical-op -DCOMPILER_SUPPORT_Wcpp11extensions -Werror   -Wc++11-extensions -o CMakeFiles/cmTC_cb320.dir/src.cxx.o -c /home/cmea/comp/project1_handout/corona_dirk/build/Eigen-prefix/src/Eigen-build/CMakeFiles/CMakeTmp/src.cxx
c++: error: unrecognized command line option '-Wc++11-extensions'; did you mean '-fms-extensions'?
CMakeFiles/cmTC_cb320.dir/build.make:65: recipe for target 'CMakeFiles/cmTC_cb320.dir/src.cxx.o' failed
make[4]: *** [CMakeFiles/cmTC_cb320.dir/src.cxx.o] Error 1
make[4]: Leaving directory '/home/cmea/comp/project1_handout/corona_dirk/build/Eigen-prefix/src/Eigen-build/CMakeFiles/CMakeTmp'
Makefile:126: recipe for target 'cmTC_cb320/fast' failed
make[3]: *** [cmTC_cb320/fast] Error 2
make[3]: Leaving directory '/home/cmea/comp/project1_handout/corona_dirk/build/Eigen-prefix/src/Eigen-build/CMakeFiles/CMakeTmp'

Source file was:
int main() { return 0; }
Performing C++ SOURCE FILE Test COMPILER_SUPPORT_wd981 failed with the following output:
Change Dir: /home/cmea/comp/project1_handout/corona_dirk/build/Eigen-prefix/src/Eigen-build/CMakeFiles/CMakeTmp

Run Build Command:"/usr/bin/make" "cmTC_31710/fast"
make[3]: Entering directory '/home/cmea/comp/project1_handout/corona_dirk/build/Eigen-prefix/src/Eigen-build/CMakeFiles/CMakeTmp'
/usr/bin/make -f CMakeFiles/cmTC_31710.dir/build.make CMakeFiles/cmTC_31710.dir/build
make[4]: Entering directory '/home/cmea/comp/project1_handout/corona_dirk/build/Eigen-prefix/src/Eigen-build/CMakeFiles/CMakeTmp'
Building CXX object CMakeFiles/cmTC_31710.dir/src.cxx.o
/usr/bin/c++    -std=c++03 -pedantic -Wall -Wextra -Wundef -Wcast-align -Wchar-subscripts -Wnon-virtual-dtor -Wunused-local-typedefs -Wpointer-arith -Wwrite-strings -Wformat-security -Wlogical-op -Wdouble-promotion -Wno-psabi -Wno-variadic-macros -Wno-long-long -fno-check-new -fno-common -fstrict-aliasing -DCOMPILER_SUPPORT_wd981 -Werror   -wd981 -o CMakeFiles/cmTC_31710.dir/src.cxx.o -c /home/cmea/comp/project1_handout/corona_dirk/build/Eigen-prefix/src/Eigen-build/CMakeFiles/CMakeTmp/src.cxx
c++: error: unrecognized command line option '-wd981'
CMakeFiles/cmTC_31710.dir/build.make:65: recipe for target 'CMakeFiles/cmTC_31710.dir/src.cxx.o' failed
make[4]: *** [CMakeFiles/cmTC_31710.dir/src.cxx.o] Error 1
make[4]: Leaving directory '/home/cmea/comp/project1_handout/corona_dirk/build/Eigen-prefix/src/Eigen-build/CMakeFiles/CMakeTmp'
Makefile:126: recipe for target 'cmTC_31710/fast' failed
make[3]: *** [cmTC_31710/fast] Error 2
make[3]: Leaving directory '/home/cmea/comp/project1_handout/corona_dirk/build/Eigen-prefix/src/Eigen-build/CMakeFiles/CMakeTmp'

Source file was:
int main() { return 0; }
Performing C++ SOURCE FILE Test COMPILER_SUPPORT_wd2304 failed with the following output:
Change Dir: /home/cmea/comp/project1_handout/corona_dirk/build/Eigen-prefix/src/Eigen-build/CMakeFiles/CMakeTmp

Run Build Command:"/usr/bin/make" "cmTC_11cf8/fast"
make[3]: Entering directory '/home/cmea/comp/project1_handout/corona_dirk/build/Eigen-prefix/src/Eigen-build/CMakeFiles/CMakeTmp'
/usr/bin/make -f CMakeFiles/cmTC_11cf8.dir/build.make CMakeFiles/cmTC_11cf8.dir/build
make[4]: Entering directory '/home/cmea/comp/project1_handout/corona_dirk/build/Eigen-prefix/src/Eigen-build/CMakeFiles/CMakeTmp'
Building CXX object CMakeFiles/cmTC_11cf8.dir/src.cxx.o
/usr/bin/c++    -std=c++03 -pedantic -Wall -Wextra -Wundef -Wcast-align -Wchar-subscripts -Wnon-virtual-dtor -Wunused-local-typedefs -Wpointer-arith -Wwrite-strings -Wformat-security -Wlogical-op -Wdouble-promotion -Wno-psabi -Wno-variadic-macros -Wno-long-long -fno-check-new -fno-common -fstrict-aliasing -DCOMPILER_SUPPORT_wd2304 -Werror   -wd2304 -o CMakeFiles/cmTC_11cf8.dir/src.cxx.o -c /home/cmea/comp/project1_handout/corona_dirk/build/Eigen-prefix/src/Eigen-build/CMakeFiles/CMakeTmp/src.cxx
c++: error: unrecognized command line option '-wd2304'
CMakeFiles/cmTC_11cf8.dir/build.make:65: recipe for target 'CMakeFiles/cmTC_11cf8.dir/src.cxx.o' failed
make[4]: *** [CMakeFiles/cmTC_11cf8.dir/src.cxx.o] Error 1
make[4]: Leaving directory '/home/cmea/comp/project1_handout/corona_dirk/build/Eigen-prefix/src/Eigen-build/CMakeFiles/CMakeTmp'
Makefile:126: recipe for target 'cmTC_11cf8/fast' failed
make[3]: *** [cmTC_11cf8/fast] Error 2
make[3]: Leaving directory '/home/cmea/comp/project1_handout/corona_dirk/build/Eigen-prefix/src/Eigen-build/CMakeFiles/CMakeTmp'

Source file was:
int main() { return 0; }
Performing C++ SOURCE FILE Test COMPILER_SUPPORT_STRICTANSI failed with the following output:
Change Dir: /home/cmea/comp/project1_handout/corona_dirk/build/Eigen-prefix/src/Eigen-build/CMakeFiles/CMakeTmp

Run Build Command:"/usr/bin/make" "cmTC_3dcc6/fast"
make[3]: Entering directory '/home/cmea/comp/project1_handout/corona_dirk/build/Eigen-prefix/src/Eigen-build/CMakeFiles/CMakeTmp'
/usr/bin/make -f CMakeFiles/cmTC_3dcc6.dir/build.make CMakeFiles/cmTC_3dcc6.dir/build
make[4]: Entering directory '/home/cmea/comp/project1_handout/corona_dirk/build/Eigen-prefix/src/Eigen-build/CMakeFiles/CMakeTmp'
Building CXX object CMakeFiles/cmTC_3dcc6.dir/src.cxx.o
/usr/bin/c++    -std=c++03 -pedantic -Wall -Wextra -Wundef -Wcast-align -Wchar-subscripts -Wnon-virtual-dtor -Wunused-local-typedefs -Wpointer-arith -Wwrite-strings -Wformat-security -Wlogical-op -Wdouble-promotion -Wno-psabi -Wno-variadic-macros -Wno-long-long -fno-check-new -fno-common -fstrict-aliasing -DCOMPILER_SUPPORT_STRICTANSI -Werror   -strict-ansi -o CMakeFiles/cmTC_3dcc6.dir/src.cxx.o -c /home/cmea/comp/project1_handout/corona_dirk/build/Eigen-prefix/src/Eigen-build/CMakeFiles/CMakeTmp/src.cxx
c++: error: unrecognized command line option '-strict-ansi'; did you mean '-fstrict-enums'?
CMakeFiles/cmTC_3dcc6.dir/build.make:65: recipe for target 'CMakeFiles/cmTC_3dcc6.dir/src.cxx.o' failed
make[4]: *** [CMakeFiles/cmTC_3dcc6.dir/src.cxx.o] Error 1
make[4]: Leaving directory '/home/cmea/comp/project1_handout/corona_dirk/build/Eigen-prefix/src/Eigen-build/CMakeFiles/CMakeTmp'
Makefile:126: recipe for target 'cmTC_3dcc6/fast' failed
make[3]: *** [cmTC_3dcc6/fast] Error 2
make[3]: Leaving directory '/home/cmea/comp/project1_handout/corona_dirk/build/Eigen-prefix/src/Eigen-build/CMakeFiles/CMakeTmp'

Source file was:
int main() { return 0; }
Performing C++ SOURCE FILE Test COMPILER_SUPPORT_Qunusedarguments failed with the following output:
Change Dir: /home/cmea/comp/project1_handout/corona_dirk/build/Eigen-prefix/src/Eigen-build/CMakeFiles/CMakeTmp

Run Build Command:"/usr/bin/make" "cmTC_c9398/fast"
make[3]: Entering directory '/home/cmea/comp/project1_handout/corona_dirk/build/Eigen-prefix/src/Eigen-build/CMakeFiles/CMakeTmp'
/usr/bin/make -f CMakeFiles/cmTC_c9398.dir/build.make CMakeFiles/cmTC_c9398.dir/build
make[4]: Entering directory '/home/cmea/comp/project1_handout/corona_dirk/build/Eigen-prefix/src/Eigen-build/CMakeFiles/CMakeTmp'
Building CXX object CMakeFiles/cmTC_c9398.dir/src.cxx.o
/usr/bin/c++    -std=c++03 -pedantic -Wall -Wextra -Wundef -Wcast-align -Wchar-subscripts -Wnon-virtual-dtor -Wunused-local-typedefs -Wpointer-arith -Wwrite-strings -Wformat-security -Wlogical-op -Wdouble-promotion -Wno-psabi -Wno-variadic-macros -Wno-long-long -fno-check-new -fno-common -fstrict-aliasing -DCOMPILER_SUPPORT_Qunusedarguments -Werror   -Qunused-arguments -o CMakeFiles/cmTC_c9398.dir/src.cxx.o -c /home/cmea/comp/project1_handout/corona_dirk/build/Eigen-prefix/src/Eigen-build/CMakeFiles/CMakeTmp/src.cxx
c++: error: unrecognized command line option '-Qunused-arguments'; did you mean '-Wunused-parameter'?
CMakeFiles/cmTC_c9398.dir/build.make:65: recipe for target 'CMakeFiles/cmTC_c9398.dir/src.cxx.o' failed
make[4]: *** [CMakeFiles/cmTC_c9398.dir/src.cxx.o] Error 1
make[4]: Leaving directory '/home/cmea/comp/project1_handout/corona_dirk/build/Eigen-prefix/src/Eigen-build/CMakeFiles/CMakeTmp'
Makefile:126: recipe for target 'cmTC_c9398/fast' failed
make[3]: *** [cmTC_c9398/fast] Error 2
make[3]: Leaving directory '/home/cmea/comp/project1_handout/corona_dirk/build/Eigen-prefix/src/Eigen-build/CMakeFiles/CMakeTmp'

Source file was:
int main() { return 0; }
Determining if the pthread_create exist failed with the following output:
Change Dir: /home/cmea/comp/project1_handout/corona_dirk/build/Eigen-prefix/src/Eigen-build/CMakeFiles/CMakeTmp

Run Build Command:"/usr/bin/make" "cmTC_cfacc/fast"
make[3]: Entering directory '/home/cmea/comp/project1_handout/corona_dirk/build/Eigen-prefix/src/Eigen-build/CMakeFiles/CMakeTmp'
/usr/bin/make -f CMakeFiles/cmTC_cfacc.dir/build.make CMakeFiles/cmTC_cfacc.dir/build
make[4]: Entering directory '/home/cmea/comp/project1_handout/corona_dirk/build/Eigen-prefix/src/Eigen-build/CMakeFiles/CMakeTmp'
Building C object CMakeFiles/cmTC_cfacc.dir/CheckSymbolExists.c.o
/usr/bin/cc    -o CMakeFiles/cmTC_cfacc.dir/CheckSymbolExists.c.o   -c /home/cmea/comp/project1_handout/corona_dirk/build/Eigen-prefix/src/Eigen-build/CMakeFiles/CMakeTmp/CheckSymbolExists.c
Linking C executable cmTC_cfacc
/usr/bin/cmake -E cmake_link_script CMakeFiles/cmTC_cfacc.dir/link.txt --verbose=1
/usr/bin/cc      -rdynamic CMakeFiles/cmTC_cfacc.dir/CheckSymbolExists.c.o  -o cmTC_cfacc 
CMakeFiles/cmTC_cfacc.dir/CheckSymbolExists.c.o: In function `main':
CheckSymbolExists.c:(.text+0x1b): undefined reference to `pthread_create'
collect2: error: ld returned 1 exit status
CMakeFiles/cmTC_cfacc.dir/build.make:97: recipe for target 'cmTC_cfacc' failed
make[4]: *** [cmTC_cfacc] Error 1
make[4]: Leaving directory '/home/cmea/comp/project1_handout/corona_dirk/build/Eigen-prefix/src/Eigen-build/CMakeFiles/CMakeTmp'
Makefile:126: recipe for target 'cmTC_cfacc/fast' failed
make[3]: *** [cmTC_cfacc/fast] Error 2
make[3]: Leaving directory '/home/cmea/comp/project1_handout/corona_dirk/build/Eigen-prefix/src/Eigen-build/CMakeFiles/CMakeTmp'

File /home/cmea/comp/project1_handout/corona_dirk/build/Eigen-prefix/src/Eigen-build/CMakeFiles/CMakeTmp/CheckSymbolExists.c:
/* */
#include <pthread.h>

int main(int argc, char** argv)
{
  (void)argv;
#ifndef pthread_create
  return ((int*)(&pthread_create))[argc];
#else
  (void)argc;
  return 0;
#endif
}

Determining if the function pthread_create exists in the pthreads failed with the following output:
Change Dir: /home/cmea/comp/project1_handout/corona_dirk/build/Eigen-prefix/src/Eigen-build/CMakeFiles/CMakeTmp

Run Build Command:"/usr/bin/make" "cmTC_fd51b/fast"
make[3]: Entering directory '/home/cmea/comp/project1_handout/corona_dirk/build/Eigen-prefix/src/Eigen-build/CMakeFiles/CMakeTmp'
/usr/bin/make -f CMakeFiles/cmTC_fd51b.dir/build.make CMakeFiles/cmTC_fd51b.dir/build
make[4]: Entering directory '/home/cmea/comp/project1_handout/corona_dirk/build/Eigen-prefix/src/Eigen-build/CMakeFiles/CMakeTmp'
Building C object CMakeFiles/cmTC_fd51b.dir/CheckFunctionExists.c.o
/usr/bin/cc   -DCHECK_FUNCTION_EXISTS=pthread_create   -o CMakeFiles/cmTC_fd51b.dir/CheckFunctionExists.c.o   -c /usr/share/cmake-3.10/Modules/CheckFunctionExists.c
Linking C executable cmTC_fd51b
/usr/bin/cmake -E cmake_link_script CMakeFiles/cmTC_fd51b.dir/link.txt --verbose=1
/usr/bin/cc  -DCHECK_FUNCTION_EXISTS=pthread_create    -rdynamic CMakeFiles/cmTC_fd51b.dir/CheckFunctionExists.c.o  -o cmTC_fd51b -lpthreads 
/usr/bin/ld: cannot find -lpthreads
collect2: error: ld returned 1 exit status
CMakeFiles/cmTC_fd51b.dir/build.make:97: recipe for target 'cmTC_fd51b' failed
make[4]: *** [cmTC_fd51b] Error 1
make[4]: Leaving directory '/home/cmea/comp/project1_handout/corona_dirk/build/Eigen-prefix/src/Eigen-build/CMakeFiles/CMakeTmp'
Makefile:126: recipe for target 'cmTC_fd51b/fast' failed
make[3]: *** [cmTC_fd51b/fast] Error 2
make[3]: Leaving directory '/home/cmea/comp/project1_handout/corona_dirk/build/Eigen-prefix/src/Eigen-build/CMakeFiles/CMakeTmp'


