The system is: Linux - 5.14.16-201.fc34.x86_64 - x86_64
Compiling the C compiler identification source file "CMakeCCompilerId.c" succeeded.
Compiler: /usr/bin/cc 
Build flags: 
Id flags:  

The output was:
0


Compilation of the C compiler identification source "CMakeCCompilerId.c" produced "a.out"

The C compiler identification is GNU, found in "/home/apaaris/comp/project1_handout/corona_dirk/build/Eigen-prefix/src/Eigen-build/CMakeFiles/3.20.5/CompilerIdC/a.out"

Compiling the CXX compiler identification source file "CMakeCXXCompilerId.cpp" succeeded.
Compiler: /usr/bin/c++ 
Build flags: 
Id flags:  

The output was:
0


Compilation of the CXX compiler identification source "CMakeCXXCompilerId.cpp" produced "a.out"

The CXX compiler identification is GNU, found in "/home/apaaris/comp/project1_handout/corona_dirk/build/Eigen-prefix/src/Eigen-build/CMakeFiles/3.20.5/CompilerIdCXX/a.out"

Detecting C compiler ABI info compiled with the following output:
Change Dir: /home/apaaris/comp/project1_handout/corona_dirk/build/Eigen-prefix/src/Eigen-build/CMakeFiles/CMakeTmp

Run Build Command(s):/usr/bin/gmake -f Makefile cmTC_d96a6/fast && gmake[3]: Entering directory '/home/apaaris/comp/project1_handout/corona_dirk/build/Eigen-prefix/src/Eigen-build/CMakeFiles/CMakeTmp'
/usr/bin/gmake  -f CMakeFiles/cmTC_d96a6.dir/build.make CMakeFiles/cmTC_d96a6.dir/build
gmake[4]: Entering directory '/home/apaaris/comp/project1_handout/corona_dirk/build/Eigen-prefix/src/Eigen-build/CMakeFiles/CMakeTmp'
Building C object CMakeFiles/cmTC_d96a6.dir/CMakeCCompilerABI.c.o
/usr/bin/cc   -v -o CMakeFiles/cmTC_d96a6.dir/CMakeCCompilerABI.c.o -c /usr/share/cmake/Modules/CMakeCCompilerABI.c
Using built-in specs.
COLLECT_GCC=/usr/bin/cc
OFFLOAD_TARGET_NAMES=nvptx-none
OFFLOAD_TARGET_DEFAULT=1
Target: x86_64-redhat-linux
Configured with: ../configure --enable-bootstrap --enable-languages=c,c++,fortran,objc,obj-c++,ada,go,d,lto --prefix=/usr --mandir=/usr/share/man --infodir=/usr/share/info --with-bugurl=http://bugzilla.redhat.com/bugzilla --enable-shared --enable-threads=posix --enable-checking=release --enable-multilib --with-system-zlib --enable-__cxa_atexit --disable-libunwind-exceptions --enable-gnu-unique-object --enable-linker-build-id --with-gcc-major-version-only --with-linker-hash-style=gnu --enable-plugin --enable-initfini-array --with-isl=/builddir/build/BUILD/gcc-11.2.1-20210728/obj-x86_64-redhat-linux/isl-install --enable-offload-targets=nvptx-none --without-cuda-driver --enable-gnu-indirect-function --enable-cet --with-tune=generic --with-arch_32=i686 --build=x86_64-redhat-linux
Thread model: posix
Supported LTO compression algorithms: zlib zstd
gcc version 11.2.1 20210728 (Red Hat 11.2.1-1) (GCC) 
COLLECT_GCC_OPTIONS='-v' '-o' 'CMakeFiles/cmTC_d96a6.dir/CMakeCCompilerABI.c.o' '-c' '-mtune=generic' '-march=x86-64' '-dumpdir' 'CMakeFiles/cmTC_d96a6.dir/'
 /usr/libexec/gcc/x86_64-redhat-linux/11/cc1 -quiet -v /usr/share/cmake/Modules/CMakeCCompilerABI.c -quiet -dumpdir CMakeFiles/cmTC_d96a6.dir/ -dumpbase CMakeCCompilerABI.c.c -dumpbase-ext .c -mtune=generic -march=x86-64 -version -o /tmp/ccYjlUUu.s
GNU C17 (GCC) version 11.2.1 20210728 (Red Hat 11.2.1-1) (x86_64-redhat-linux)
	compiled by GNU C version 11.2.1 20210728 (Red Hat 11.2.1-1), GMP version 6.2.0, MPFR version 4.1.0-p13, MPC version 1.2.1, isl version isl-0.18-GMP

GGC heuristics: --param ggc-min-expand=100 --param ggc-min-heapsize=131072
ignoring nonexistent directory "/usr/lib/gcc/x86_64-redhat-linux/11/include-fixed"
ignoring nonexistent directory "/usr/lib/gcc/x86_64-redhat-linux/11/../../../../x86_64-redhat-linux/include"
#include "..." search starts here:
#include <...> search starts here:
 /usr/lib/gcc/x86_64-redhat-linux/11/include
 /usr/local/include
 /usr/include
End of search list.
GNU C17 (GCC) version 11.2.1 20210728 (Red Hat 11.2.1-1) (x86_64-redhat-linux)
	compiled by GNU C version 11.2.1 20210728 (Red Hat 11.2.1-1), GMP version 6.2.0, MPFR version 4.1.0-p13, MPC version 1.2.1, isl version isl-0.18-GMP

GGC heuristics: --param ggc-min-expand=100 --param ggc-min-heapsize=131072
Compiler executable checksum: d9978e1d525f02eccc63983c4161253e
COLLECT_GCC_OPTIONS='-v' '-o' 'CMakeFiles/cmTC_d96a6.dir/CMakeCCompilerABI.c.o' '-c' '-mtune=generic' '-march=x86-64' '-dumpdir' 'CMakeFiles/cmTC_d96a6.dir/'
 as -v --64 -o CMakeFiles/cmTC_d96a6.dir/CMakeCCompilerABI.c.o /tmp/ccYjlUUu.s
GNU assembler version 2.35.2 (x86_64-redhat-linux) using BFD version version 2.35.2-6.fc34
COMPILER_PATH=/usr/libexec/gcc/x86_64-redhat-linux/11/:/usr/libexec/gcc/x86_64-redhat-linux/11/:/usr/libexec/gcc/x86_64-redhat-linux/:/usr/lib/gcc/x86_64-redhat-linux/11/:/usr/lib/gcc/x86_64-redhat-linux/
LIBRARY_PATH=/usr/lib/gcc/x86_64-redhat-linux/11/:/usr/lib/gcc/x86_64-redhat-linux/11/../../../../lib64/:/lib/../lib64/:/usr/lib/../lib64/:/usr/lib/gcc/x86_64-redhat-linux/11/../../../:/lib/:/usr/lib/
COLLECT_GCC_OPTIONS='-v' '-o' 'CMakeFiles/cmTC_d96a6.dir/CMakeCCompilerABI.c.o' '-c' '-mtune=generic' '-march=x86-64' '-dumpdir' 'CMakeFiles/cmTC_d96a6.dir/CMakeCCompilerABI.c.'
Linking C executable cmTC_d96a6
/usr/bin/cmake -E cmake_link_script CMakeFiles/cmTC_d96a6.dir/link.txt --verbose=1
/usr/bin/cc  -v -rdynamic CMakeFiles/cmTC_d96a6.dir/CMakeCCompilerABI.c.o -o cmTC_d96a6 
Using built-in specs.
COLLECT_GCC=/usr/bin/cc
COLLECT_LTO_WRAPPER=/usr/libexec/gcc/x86_64-redhat-linux/11/lto-wrapper
OFFLOAD_TARGET_NAMES=nvptx-none
OFFLOAD_TARGET_DEFAULT=1
Target: x86_64-redhat-linux
Configured with: ../configure --enable-bootstrap --enable-languages=c,c++,fortran,objc,obj-c++,ada,go,d,lto --prefix=/usr --mandir=/usr/share/man --infodir=/usr/share/info --with-bugurl=http://bugzilla.redhat.com/bugzilla --enable-shared --enable-threads=posix --enable-checking=release --enable-multilib --with-system-zlib --enable-__cxa_atexit --disable-libunwind-exceptions --enable-gnu-unique-object --enable-linker-build-id --with-gcc-major-version-only --with-linker-hash-style=gnu --enable-plugin --enable-initfini-array --with-isl=/builddir/build/BUILD/gcc-11.2.1-20210728/obj-x86_64-redhat-linux/isl-install --enable-offload-targets=nvptx-none --without-cuda-driver --enable-gnu-indirect-function --enable-cet --with-tune=generic --with-arch_32=i686 --build=x86_64-redhat-linux
Thread model: posix
Supported LTO compression algorithms: zlib zstd
gcc version 11.2.1 20210728 (Red Hat 11.2.1-1) (GCC) 
COMPILER_PATH=/usr/libexec/gcc/x86_64-redhat-linux/11/:/usr/libexec/gcc/x86_64-redhat-linux/11/:/usr/libexec/gcc/x86_64-redhat-linux/:/usr/lib/gcc/x86_64-redhat-linux/11/:/usr/lib/gcc/x86_64-redhat-linux/
LIBRARY_PATH=/usr/lib/gcc/x86_64-redhat-linux/11/:/usr/lib/gcc/x86_64-redhat-linux/11/../../../../lib64/:/lib/../lib64/:/usr/lib/../lib64/:/usr/lib/gcc/x86_64-redhat-linux/11/../../../:/lib/:/usr/lib/
COLLECT_GCC_OPTIONS='-v' '-rdynamic' '-o' 'cmTC_d96a6' '-mtune=generic' '-march=x86-64' '-dumpdir' 'cmTC_d96a6.'
 /usr/libexec/gcc/x86_64-redhat-linux/11/collect2 -plugin /usr/libexec/gcc/x86_64-redhat-linux/11/liblto_plugin.so -plugin-opt=/usr/libexec/gcc/x86_64-redhat-linux/11/lto-wrapper -plugin-opt=-fresolution=/tmp/ccfc93no.res -plugin-opt=-pass-through=-lgcc -plugin-opt=-pass-through=-lgcc_s -plugin-opt=-pass-through=-lc -plugin-opt=-pass-through=-lgcc -plugin-opt=-pass-through=-lgcc_s --build-id --no-add-needed --eh-frame-hdr --hash-style=gnu -m elf_x86_64 -export-dynamic -dynamic-linker /lib64/ld-linux-x86-64.so.2 -o cmTC_d96a6 /usr/lib/gcc/x86_64-redhat-linux/11/../../../../lib64/crt1.o /usr/lib/gcc/x86_64-redhat-linux/11/../../../../lib64/crti.o /usr/lib/gcc/x86_64-redhat-linux/11/crtbegin.o -L/usr/lib/gcc/x86_64-redhat-linux/11 -L/usr/lib/gcc/x86_64-redhat-linux/11/../../../../lib64 -L/lib/../lib64 -L/usr/lib/../lib64 -L/usr/lib/gcc/x86_64-redhat-linux/11/../../.. CMakeFiles/cmTC_d96a6.dir/CMakeCCompilerABI.c.o -lgcc --push-state --as-needed -lgcc_s --pop-state -lc -lgcc --push-state --as-needed -lgcc_s --pop-state /usr/lib/gcc/x86_64-redhat-linux/11/crtend.o /usr/lib/gcc/x86_64-redhat-linux/11/../../../../lib64/crtn.o
COLLECT_GCC_OPTIONS='-v' '-rdynamic' '-o' 'cmTC_d96a6' '-mtune=generic' '-march=x86-64' '-dumpdir' 'cmTC_d96a6.'
gmake[4]: Leaving directory '/home/apaaris/comp/project1_handout/corona_dirk/build/Eigen-prefix/src/Eigen-build/CMakeFiles/CMakeTmp'
gmake[3]: Leaving directory '/home/apaaris/comp/project1_handout/corona_dirk/build/Eigen-prefix/src/Eigen-build/CMakeFiles/CMakeTmp'



Parsed C implicit include dir info from above output: rv=done
  found start of include info
  found start of implicit include info
    add: [/usr/lib/gcc/x86_64-redhat-linux/11/include]
    add: [/usr/local/include]
    add: [/usr/include]
  end of search list found
  collapse include dir [/usr/lib/gcc/x86_64-redhat-linux/11/include] ==> [/usr/lib/gcc/x86_64-redhat-linux/11/include]
  collapse include dir [/usr/local/include] ==> [/usr/local/include]
  collapse include dir [/usr/include] ==> [/usr/include]
  implicit include dirs: [/usr/lib/gcc/x86_64-redhat-linux/11/include;/usr/local/include;/usr/include]


Parsed C implicit link information from above output:
  link line regex: [^( *|.*[/\])(ld|CMAKE_LINK_STARTFILE-NOTFOUND|([^/\]+-)?ld|collect2)[^/\]*( |$)]
  ignore line: [Change Dir: /home/apaaris/comp/project1_handout/corona_dirk/build/Eigen-prefix/src/Eigen-build/CMakeFiles/CMakeTmp]
  ignore line: []
  ignore line: [Run Build Command(s):/usr/bin/gmake -f Makefile cmTC_d96a6/fast && gmake[3]: Entering directory '/home/apaaris/comp/project1_handout/corona_dirk/build/Eigen-prefix/src/Eigen-build/CMakeFiles/CMakeTmp']
  ignore line: [/usr/bin/gmake  -f CMakeFiles/cmTC_d96a6.dir/build.make CMakeFiles/cmTC_d96a6.dir/build]
  ignore line: [gmake[4]: Entering directory '/home/apaaris/comp/project1_handout/corona_dirk/build/Eigen-prefix/src/Eigen-build/CMakeFiles/CMakeTmp']
  ignore line: [Building C object CMakeFiles/cmTC_d96a6.dir/CMakeCCompilerABI.c.o]
  ignore line: [/usr/bin/cc   -v -o CMakeFiles/cmTC_d96a6.dir/CMakeCCompilerABI.c.o -c /usr/share/cmake/Modules/CMakeCCompilerABI.c]
  ignore line: [Using built-in specs.]
  ignore line: [COLLECT_GCC=/usr/bin/cc]
  ignore line: [OFFLOAD_TARGET_NAMES=nvptx-none]
  ignore line: [OFFLOAD_TARGET_DEFAULT=1]
  ignore line: [Target: x86_64-redhat-linux]
  ignore line: [Configured with: ../configure --enable-bootstrap --enable-languages=c c++ fortran objc obj-c++ ada go d lto --prefix=/usr --mandir=/usr/share/man --infodir=/usr/share/info --with-bugurl=http://bugzilla.redhat.com/bugzilla --enable-shared --enable-threads=posix --enable-checking=release --enable-multilib --with-system-zlib --enable-__cxa_atexit --disable-libunwind-exceptions --enable-gnu-unique-object --enable-linker-build-id --with-gcc-major-version-only --with-linker-hash-style=gnu --enable-plugin --enable-initfini-array --with-isl=/builddir/build/BUILD/gcc-11.2.1-20210728/obj-x86_64-redhat-linux/isl-install --enable-offload-targets=nvptx-none --without-cuda-driver --enable-gnu-indirect-function --enable-cet --with-tune=generic --with-arch_32=i686 --build=x86_64-redhat-linux]
  ignore line: [Thread model: posix]
  ignore line: [Supported LTO compression algorithms: zlib zstd]
  ignore line: [gcc version 11.2.1 20210728 (Red Hat 11.2.1-1) (GCC) ]
  ignore line: [COLLECT_GCC_OPTIONS='-v' '-o' 'CMakeFiles/cmTC_d96a6.dir/CMakeCCompilerABI.c.o' '-c' '-mtune=generic' '-march=x86-64' '-dumpdir' 'CMakeFiles/cmTC_d96a6.dir/']
  ignore line: [ /usr/libexec/gcc/x86_64-redhat-linux/11/cc1 -quiet -v /usr/share/cmake/Modules/CMakeCCompilerABI.c -quiet -dumpdir CMakeFiles/cmTC_d96a6.dir/ -dumpbase CMakeCCompilerABI.c.c -dumpbase-ext .c -mtune=generic -march=x86-64 -version -o /tmp/ccYjlUUu.s]
  ignore line: [GNU C17 (GCC) version 11.2.1 20210728 (Red Hat 11.2.1-1) (x86_64-redhat-linux)]
  ignore line: [	compiled by GNU C version 11.2.1 20210728 (Red Hat 11.2.1-1)  GMP version 6.2.0  MPFR version 4.1.0-p13  MPC version 1.2.1  isl version isl-0.18-GMP]
  ignore line: []
  ignore line: [GGC heuristics: --param ggc-min-expand=100 --param ggc-min-heapsize=131072]
  ignore line: [ignoring nonexistent directory "/usr/lib/gcc/x86_64-redhat-linux/11/include-fixed"]
  ignore line: [ignoring nonexistent directory "/usr/lib/gcc/x86_64-redhat-linux/11/../../../../x86_64-redhat-linux/include"]
  ignore line: [#include "..." search starts here:]
  ignore line: [#include <...> search starts here:]
  ignore line: [ /usr/lib/gcc/x86_64-redhat-linux/11/include]
  ignore line: [ /usr/local/include]
  ignore line: [ /usr/include]
  ignore line: [End of search list.]
  ignore line: [GNU C17 (GCC) version 11.2.1 20210728 (Red Hat 11.2.1-1) (x86_64-redhat-linux)]
  ignore line: [	compiled by GNU C version 11.2.1 20210728 (Red Hat 11.2.1-1)  GMP version 6.2.0  MPFR version 4.1.0-p13  MPC version 1.2.1  isl version isl-0.18-GMP]
  ignore line: []
  ignore line: [GGC heuristics: --param ggc-min-expand=100 --param ggc-min-heapsize=131072]
  ignore line: [Compiler executable checksum: d9978e1d525f02eccc63983c4161253e]
  ignore line: [COLLECT_GCC_OPTIONS='-v' '-o' 'CMakeFiles/cmTC_d96a6.dir/CMakeCCompilerABI.c.o' '-c' '-mtune=generic' '-march=x86-64' '-dumpdir' 'CMakeFiles/cmTC_d96a6.dir/']
  ignore line: [ as -v --64 -o CMakeFiles/cmTC_d96a6.dir/CMakeCCompilerABI.c.o /tmp/ccYjlUUu.s]
  ignore line: [GNU assembler version 2.35.2 (x86_64-redhat-linux) using BFD version version 2.35.2-6.fc34]
  ignore line: [COMPILER_PATH=/usr/libexec/gcc/x86_64-redhat-linux/11/:/usr/libexec/gcc/x86_64-redhat-linux/11/:/usr/libexec/gcc/x86_64-redhat-linux/:/usr/lib/gcc/x86_64-redhat-linux/11/:/usr/lib/gcc/x86_64-redhat-linux/]
  ignore line: [LIBRARY_PATH=/usr/lib/gcc/x86_64-redhat-linux/11/:/usr/lib/gcc/x86_64-redhat-linux/11/../../../../lib64/:/lib/../lib64/:/usr/lib/../lib64/:/usr/lib/gcc/x86_64-redhat-linux/11/../../../:/lib/:/usr/lib/]
  ignore line: [COLLECT_GCC_OPTIONS='-v' '-o' 'CMakeFiles/cmTC_d96a6.dir/CMakeCCompilerABI.c.o' '-c' '-mtune=generic' '-march=x86-64' '-dumpdir' 'CMakeFiles/cmTC_d96a6.dir/CMakeCCompilerABI.c.']
  ignore line: [Linking C executable cmTC_d96a6]
  ignore line: [/usr/bin/cmake -E cmake_link_script CMakeFiles/cmTC_d96a6.dir/link.txt --verbose=1]
  ignore line: [/usr/bin/cc  -v -rdynamic CMakeFiles/cmTC_d96a6.dir/CMakeCCompilerABI.c.o -o cmTC_d96a6 ]
  ignore line: [Using built-in specs.]
  ignore line: [COLLECT_GCC=/usr/bin/cc]
  ignore line: [COLLECT_LTO_WRAPPER=/usr/libexec/gcc/x86_64-redhat-linux/11/lto-wrapper]
  ignore line: [OFFLOAD_TARGET_NAMES=nvptx-none]
  ignore line: [OFFLOAD_TARGET_DEFAULT=1]
  ignore line: [Target: x86_64-redhat-linux]
  ignore line: [Configured with: ../configure --enable-bootstrap --enable-languages=c c++ fortran objc obj-c++ ada go d lto --prefix=/usr --mandir=/usr/share/man --infodir=/usr/share/info --with-bugurl=http://bugzilla.redhat.com/bugzilla --enable-shared --enable-threads=posix --enable-checking=release --enable-multilib --with-system-zlib --enable-__cxa_atexit --disable-libunwind-exceptions --enable-gnu-unique-object --enable-linker-build-id --with-gcc-major-version-only --with-linker-hash-style=gnu --enable-plugin --enable-initfini-array --with-isl=/builddir/build/BUILD/gcc-11.2.1-20210728/obj-x86_64-redhat-linux/isl-install --enable-offload-targets=nvptx-none --without-cuda-driver --enable-gnu-indirect-function --enable-cet --with-tune=generic --with-arch_32=i686 --build=x86_64-redhat-linux]
  ignore line: [Thread model: posix]
  ignore line: [Supported LTO compression algorithms: zlib zstd]
  ignore line: [gcc version 11.2.1 20210728 (Red Hat 11.2.1-1) (GCC) ]
  ignore line: [COMPILER_PATH=/usr/libexec/gcc/x86_64-redhat-linux/11/:/usr/libexec/gcc/x86_64-redhat-linux/11/:/usr/libexec/gcc/x86_64-redhat-linux/:/usr/lib/gcc/x86_64-redhat-linux/11/:/usr/lib/gcc/x86_64-redhat-linux/]
  ignore line: [LIBRARY_PATH=/usr/lib/gcc/x86_64-redhat-linux/11/:/usr/lib/gcc/x86_64-redhat-linux/11/../../../../lib64/:/lib/../lib64/:/usr/lib/../lib64/:/usr/lib/gcc/x86_64-redhat-linux/11/../../../:/lib/:/usr/lib/]
  ignore line: [COLLECT_GCC_OPTIONS='-v' '-rdynamic' '-o' 'cmTC_d96a6' '-mtune=generic' '-march=x86-64' '-dumpdir' 'cmTC_d96a6.']
  link line: [ /usr/libexec/gcc/x86_64-redhat-linux/11/collect2 -plugin /usr/libexec/gcc/x86_64-redhat-linux/11/liblto_plugin.so -plugin-opt=/usr/libexec/gcc/x86_64-redhat-linux/11/lto-wrapper -plugin-opt=-fresolution=/tmp/ccfc93no.res -plugin-opt=-pass-through=-lgcc -plugin-opt=-pass-through=-lgcc_s -plugin-opt=-pass-through=-lc -plugin-opt=-pass-through=-lgcc -plugin-opt=-pass-through=-lgcc_s --build-id --no-add-needed --eh-frame-hdr --hash-style=gnu -m elf_x86_64 -export-dynamic -dynamic-linker /lib64/ld-linux-x86-64.so.2 -o cmTC_d96a6 /usr/lib/gcc/x86_64-redhat-linux/11/../../../../lib64/crt1.o /usr/lib/gcc/x86_64-redhat-linux/11/../../../../lib64/crti.o /usr/lib/gcc/x86_64-redhat-linux/11/crtbegin.o -L/usr/lib/gcc/x86_64-redhat-linux/11 -L/usr/lib/gcc/x86_64-redhat-linux/11/../../../../lib64 -L/lib/../lib64 -L/usr/lib/../lib64 -L/usr/lib/gcc/x86_64-redhat-linux/11/../../.. CMakeFiles/cmTC_d96a6.dir/CMakeCCompilerABI.c.o -lgcc --push-state --as-needed -lgcc_s --pop-state -lc -lgcc --push-state --as-needed -lgcc_s --pop-state /usr/lib/gcc/x86_64-redhat-linux/11/crtend.o /usr/lib/gcc/x86_64-redhat-linux/11/../../../../lib64/crtn.o]
    arg [/usr/libexec/gcc/x86_64-redhat-linux/11/collect2] ==> ignore
    arg [-plugin] ==> ignore
    arg [/usr/libexec/gcc/x86_64-redhat-linux/11/liblto_plugin.so] ==> ignore
    arg [-plugin-opt=/usr/libexec/gcc/x86_64-redhat-linux/11/lto-wrapper] ==> ignore
    arg [-plugin-opt=-fresolution=/tmp/ccfc93no.res] ==> ignore
    arg [-plugin-opt=-pass-through=-lgcc] ==> ignore
    arg [-plugin-opt=-pass-through=-lgcc_s] ==> ignore
    arg [-plugin-opt=-pass-through=-lc] ==> ignore
    arg [-plugin-opt=-pass-through=-lgcc] ==> ignore
    arg [-plugin-opt=-pass-through=-lgcc_s] ==> ignore
    arg [--build-id] ==> ignore
    arg [--no-add-needed] ==> ignore
    arg [--eh-frame-hdr] ==> ignore
    arg [--hash-style=gnu] ==> ignore
    arg [-m] ==> ignore
    arg [elf_x86_64] ==> ignore
    arg [-export-dynamic] ==> ignore
    arg [-dynamic-linker] ==> ignore
    arg [/lib64/ld-linux-x86-64.so.2] ==> ignore
    arg [-o] ==> ignore
    arg [cmTC_d96a6] ==> ignore
    arg [/usr/lib/gcc/x86_64-redhat-linux/11/../../../../lib64/crt1.o] ==> obj [/usr/lib/gcc/x86_64-redhat-linux/11/../../../../lib64/crt1.o]
    arg [/usr/lib/gcc/x86_64-redhat-linux/11/../../../../lib64/crti.o] ==> obj [/usr/lib/gcc/x86_64-redhat-linux/11/../../../../lib64/crti.o]
    arg [/usr/lib/gcc/x86_64-redhat-linux/11/crtbegin.o] ==> obj [/usr/lib/gcc/x86_64-redhat-linux/11/crtbegin.o]
    arg [-L/usr/lib/gcc/x86_64-redhat-linux/11] ==> dir [/usr/lib/gcc/x86_64-redhat-linux/11]
    arg [-L/usr/lib/gcc/x86_64-redhat-linux/11/../../../../lib64] ==> dir [/usr/lib/gcc/x86_64-redhat-linux/11/../../../../lib64]
    arg [-L/lib/../lib64] ==> dir [/lib/../lib64]
    arg [-L/usr/lib/../lib64] ==> dir [/usr/lib/../lib64]
    arg [-L/usr/lib/gcc/x86_64-redhat-linux/11/../../..] ==> dir [/usr/lib/gcc/x86_64-redhat-linux/11/../../..]
    arg [CMakeFiles/cmTC_d96a6.dir/CMakeCCompilerABI.c.o] ==> ignore
    arg [-lgcc] ==> lib [gcc]
    arg [--push-state] ==> ignore
    arg [--as-needed] ==> ignore
    arg [-lgcc_s] ==> lib [gcc_s]
    arg [--pop-state] ==> ignore
    arg [-lc] ==> lib [c]
    arg [-lgcc] ==> lib [gcc]
    arg [--push-state] ==> ignore
    arg [--as-needed] ==> ignore
    arg [-lgcc_s] ==> lib [gcc_s]
    arg [--pop-state] ==> ignore
    arg [/usr/lib/gcc/x86_64-redhat-linux/11/crtend.o] ==> obj [/usr/lib/gcc/x86_64-redhat-linux/11/crtend.o]
    arg [/usr/lib/gcc/x86_64-redhat-linux/11/../../../../lib64/crtn.o] ==> obj [/usr/lib/gcc/x86_64-redhat-linux/11/../../../../lib64/crtn.o]
  collapse obj [/usr/lib/gcc/x86_64-redhat-linux/11/../../../../lib64/crt1.o] ==> [/usr/lib64/crt1.o]
  collapse obj [/usr/lib/gcc/x86_64-redhat-linux/11/../../../../lib64/crti.o] ==> [/usr/lib64/crti.o]
  collapse obj [/usr/lib/gcc/x86_64-redhat-linux/11/../../../../lib64/crtn.o] ==> [/usr/lib64/crtn.o]
  collapse library dir [/usr/lib/gcc/x86_64-redhat-linux/11] ==> [/usr/lib/gcc/x86_64-redhat-linux/11]
  collapse library dir [/usr/lib/gcc/x86_64-redhat-linux/11/../../../../lib64] ==> [/usr/lib64]
  collapse library dir [/lib/../lib64] ==> [/lib64]
  collapse library dir [/usr/lib/../lib64] ==> [/usr/lib64]
  collapse library dir [/usr/lib/gcc/x86_64-redhat-linux/11/../../..] ==> [/usr/lib]
  implicit libs: [gcc;gcc_s;c;gcc;gcc_s]
  implicit objs: [/usr/lib64/crt1.o;/usr/lib64/crti.o;/usr/lib/gcc/x86_64-redhat-linux/11/crtbegin.o;/usr/lib/gcc/x86_64-redhat-linux/11/crtend.o;/usr/lib64/crtn.o]
  implicit dirs: [/usr/lib/gcc/x86_64-redhat-linux/11;/usr/lib64;/lib64;/usr/lib]
  implicit fwks: []


Detecting CXX compiler ABI info compiled with the following output:
Change Dir: /home/apaaris/comp/project1_handout/corona_dirk/build/Eigen-prefix/src/Eigen-build/CMakeFiles/CMakeTmp

Run Build Command(s):/usr/bin/gmake -f Makefile cmTC_a4b96/fast && gmake[3]: Entering directory '/home/apaaris/comp/project1_handout/corona_dirk/build/Eigen-prefix/src/Eigen-build/CMakeFiles/CMakeTmp'
/usr/bin/gmake  -f CMakeFiles/cmTC_a4b96.dir/build.make CMakeFiles/cmTC_a4b96.dir/build
gmake[4]: Entering directory '/home/apaaris/comp/project1_handout/corona_dirk/build/Eigen-prefix/src/Eigen-build/CMakeFiles/CMakeTmp'
Building CXX object CMakeFiles/cmTC_a4b96.dir/CMakeCXXCompilerABI.cpp.o
/usr/bin/c++   -v -o CMakeFiles/cmTC_a4b96.dir/CMakeCXXCompilerABI.cpp.o -c /usr/share/cmake/Modules/CMakeCXXCompilerABI.cpp
Using built-in specs.
COLLECT_GCC=/usr/bin/c++
OFFLOAD_TARGET_NAMES=nvptx-none
OFFLOAD_TARGET_DEFAULT=1
Target: x86_64-redhat-linux
Configured with: ../configure --enable-bootstrap --enable-languages=c,c++,fortran,objc,obj-c++,ada,go,d,lto --prefix=/usr --mandir=/usr/share/man --infodir=/usr/share/info --with-bugurl=http://bugzilla.redhat.com/bugzilla --enable-shared --enable-threads=posix --enable-checking=release --enable-multilib --with-system-zlib --enable-__cxa_atexit --disable-libunwind-exceptions --enable-gnu-unique-object --enable-linker-build-id --with-gcc-major-version-only --with-linker-hash-style=gnu --enable-plugin --enable-initfini-array --with-isl=/builddir/build/BUILD/gcc-11.2.1-20210728/obj-x86_64-redhat-linux/isl-install --enable-offload-targets=nvptx-none --without-cuda-driver --enable-gnu-indirect-function --enable-cet --with-tune=generic --with-arch_32=i686 --build=x86_64-redhat-linux
Thread model: posix
Supported LTO compression algorithms: zlib zstd
gcc version 11.2.1 20210728 (Red Hat 11.2.1-1) (GCC) 
COLLECT_GCC_OPTIONS='-v' '-o' 'CMakeFiles/cmTC_a4b96.dir/CMakeCXXCompilerABI.cpp.o' '-c' '-shared-libgcc' '-mtune=generic' '-march=x86-64' '-dumpdir' 'CMakeFiles/cmTC_a4b96.dir/'
 /usr/libexec/gcc/x86_64-redhat-linux/11/cc1plus -quiet -v -D_GNU_SOURCE /usr/share/cmake/Modules/CMakeCXXCompilerABI.cpp -quiet -dumpdir CMakeFiles/cmTC_a4b96.dir/ -dumpbase CMakeCXXCompilerABI.cpp.cpp -dumpbase-ext .cpp -mtune=generic -march=x86-64 -version -o /tmp/cc7aOS1T.s
GNU C++17 (GCC) version 11.2.1 20210728 (Red Hat 11.2.1-1) (x86_64-redhat-linux)
	compiled by GNU C version 11.2.1 20210728 (Red Hat 11.2.1-1), GMP version 6.2.0, MPFR version 4.1.0-p13, MPC version 1.2.1, isl version isl-0.18-GMP

GGC heuristics: --param ggc-min-expand=100 --param ggc-min-heapsize=131072
ignoring nonexistent directory "/usr/lib/gcc/x86_64-redhat-linux/11/include-fixed"
ignoring nonexistent directory "/usr/lib/gcc/x86_64-redhat-linux/11/../../../../x86_64-redhat-linux/include"
#include "..." search starts here:
#include <...> search starts here:
 /usr/lib/gcc/x86_64-redhat-linux/11/../../../../include/c++/11
 /usr/lib/gcc/x86_64-redhat-linux/11/../../../../include/c++/11/x86_64-redhat-linux
 /usr/lib/gcc/x86_64-redhat-linux/11/../../../../include/c++/11/backward
 /usr/lib/gcc/x86_64-redhat-linux/11/include
 /usr/local/include
 /usr/include
End of search list.
GNU C++17 (GCC) version 11.2.1 20210728 (Red Hat 11.2.1-1) (x86_64-redhat-linux)
	compiled by GNU C version 11.2.1 20210728 (Red Hat 11.2.1-1), GMP version 6.2.0, MPFR version 4.1.0-p13, MPC version 1.2.1, isl version isl-0.18-GMP

GGC heuristics: --param ggc-min-expand=100 --param ggc-min-heapsize=131072
Compiler executable checksum: ee1a2f208dd48c6a5d24bdcd31126e66
COLLECT_GCC_OPTIONS='-v' '-o' 'CMakeFiles/cmTC_a4b96.dir/CMakeCXXCompilerABI.cpp.o' '-c' '-shared-libgcc' '-mtune=generic' '-march=x86-64' '-dumpdir' 'CMakeFiles/cmTC_a4b96.dir/'
 as -v --64 -o CMakeFiles/cmTC_a4b96.dir/CMakeCXXCompilerABI.cpp.o /tmp/cc7aOS1T.s
GNU assembler version 2.35.2 (x86_64-redhat-linux) using BFD version version 2.35.2-6.fc34
COMPILER_PATH=/usr/libexec/gcc/x86_64-redhat-linux/11/:/usr/libexec/gcc/x86_64-redhat-linux/11/:/usr/libexec/gcc/x86_64-redhat-linux/:/usr/lib/gcc/x86_64-redhat-linux/11/:/usr/lib/gcc/x86_64-redhat-linux/
LIBRARY_PATH=/usr/lib/gcc/x86_64-redhat-linux/11/:/usr/lib/gcc/x86_64-redhat-linux/11/../../../../lib64/:/lib/../lib64/:/usr/lib/../lib64/:/usr/lib/gcc/x86_64-redhat-linux/11/../../../:/lib/:/usr/lib/
COLLECT_GCC_OPTIONS='-v' '-o' 'CMakeFiles/cmTC_a4b96.dir/CMakeCXXCompilerABI.cpp.o' '-c' '-shared-libgcc' '-mtune=generic' '-march=x86-64' '-dumpdir' 'CMakeFiles/cmTC_a4b96.dir/CMakeCXXCompilerABI.cpp.'
Linking CXX executable cmTC_a4b96
/usr/bin/cmake -E cmake_link_script CMakeFiles/cmTC_a4b96.dir/link.txt --verbose=1
/usr/bin/c++  -v -rdynamic CMakeFiles/cmTC_a4b96.dir/CMakeCXXCompilerABI.cpp.o -o cmTC_a4b96 
Using built-in specs.
COLLECT_GCC=/usr/bin/c++
COLLECT_LTO_WRAPPER=/usr/libexec/gcc/x86_64-redhat-linux/11/lto-wrapper
OFFLOAD_TARGET_NAMES=nvptx-none
OFFLOAD_TARGET_DEFAULT=1
Target: x86_64-redhat-linux
Configured with: ../configure --enable-bootstrap --enable-languages=c,c++,fortran,objc,obj-c++,ada,go,d,lto --prefix=/usr --mandir=/usr/share/man --infodir=/usr/share/info --with-bugurl=http://bugzilla.redhat.com/bugzilla --enable-shared --enable-threads=posix --enable-checking=release --enable-multilib --with-system-zlib --enable-__cxa_atexit --disable-libunwind-exceptions --enable-gnu-unique-object --enable-linker-build-id --with-gcc-major-version-only --with-linker-hash-style=gnu --enable-plugin --enable-initfini-array --with-isl=/builddir/build/BUILD/gcc-11.2.1-20210728/obj-x86_64-redhat-linux/isl-install --enable-offload-targets=nvptx-none --without-cuda-driver --enable-gnu-indirect-function --enable-cet --with-tune=generic --with-arch_32=i686 --build=x86_64-redhat-linux
Thread model: posix
Supported LTO compression algorithms: zlib zstd
gcc version 11.2.1 20210728 (Red Hat 11.2.1-1) (GCC) 
COMPILER_PATH=/usr/libexec/gcc/x86_64-redhat-linux/11/:/usr/libexec/gcc/x86_64-redhat-linux/11/:/usr/libexec/gcc/x86_64-redhat-linux/:/usr/lib/gcc/x86_64-redhat-linux/11/:/usr/lib/gcc/x86_64-redhat-linux/
LIBRARY_PATH=/usr/lib/gcc/x86_64-redhat-linux/11/:/usr/lib/gcc/x86_64-redhat-linux/11/../../../../lib64/:/lib/../lib64/:/usr/lib/../lib64/:/usr/lib/gcc/x86_64-redhat-linux/11/../../../:/lib/:/usr/lib/
COLLECT_GCC_OPTIONS='-v' '-rdynamic' '-o' 'cmTC_a4b96' '-shared-libgcc' '-mtune=generic' '-march=x86-64' '-dumpdir' 'cmTC_a4b96.'
 /usr/libexec/gcc/x86_64-redhat-linux/11/collect2 -plugin /usr/libexec/gcc/x86_64-redhat-linux/11/liblto_plugin.so -plugin-opt=/usr/libexec/gcc/x86_64-redhat-linux/11/lto-wrapper -plugin-opt=-fresolution=/tmp/ccmU1wNz.res -plugin-opt=-pass-through=-lgcc_s -plugin-opt=-pass-through=-lgcc -plugin-opt=-pass-through=-lc -plugin-opt=-pass-through=-lgcc_s -plugin-opt=-pass-through=-lgcc --build-id --no-add-needed --eh-frame-hdr --hash-style=gnu -m elf_x86_64 -export-dynamic -dynamic-linker /lib64/ld-linux-x86-64.so.2 -o cmTC_a4b96 /usr/lib/gcc/x86_64-redhat-linux/11/../../../../lib64/crt1.o /usr/lib/gcc/x86_64-redhat-linux/11/../../../../lib64/crti.o /usr/lib/gcc/x86_64-redhat-linux/11/crtbegin.o -L/usr/lib/gcc/x86_64-redhat-linux/11 -L/usr/lib/gcc/x86_64-redhat-linux/11/../../../../lib64 -L/lib/../lib64 -L/usr/lib/../lib64 -L/usr/lib/gcc/x86_64-redhat-linux/11/../../.. CMakeFiles/cmTC_a4b96.dir/CMakeCXXCompilerABI.cpp.o -lstdc++ -lm -lgcc_s -lgcc -lc -lgcc_s -lgcc /usr/lib/gcc/x86_64-redhat-linux/11/crtend.o /usr/lib/gcc/x86_64-redhat-linux/11/../../../../lib64/crtn.o
COLLECT_GCC_OPTIONS='-v' '-rdynamic' '-o' 'cmTC_a4b96' '-shared-libgcc' '-mtune=generic' '-march=x86-64' '-dumpdir' 'cmTC_a4b96.'
gmake[4]: Leaving directory '/home/apaaris/comp/project1_handout/corona_dirk/build/Eigen-prefix/src/Eigen-build/CMakeFiles/CMakeTmp'
gmake[3]: Leaving directory '/home/apaaris/comp/project1_handout/corona_dirk/build/Eigen-prefix/src/Eigen-build/CMakeFiles/CMakeTmp'



Parsed CXX implicit include dir info from above output: rv=done
  found start of include info
  found start of implicit include info
    add: [/usr/lib/gcc/x86_64-redhat-linux/11/../../../../include/c++/11]
    add: [/usr/lib/gcc/x86_64-redhat-linux/11/../../../../include/c++/11/x86_64-redhat-linux]
    add: [/usr/lib/gcc/x86_64-redhat-linux/11/../../../../include/c++/11/backward]
    add: [/usr/lib/gcc/x86_64-redhat-linux/11/include]
    add: [/usr/local/include]
    add: [/usr/include]
  end of search list found
  collapse include dir [/usr/lib/gcc/x86_64-redhat-linux/11/../../../../include/c++/11] ==> [/usr/include/c++/11]
  collapse include dir [/usr/lib/gcc/x86_64-redhat-linux/11/../../../../include/c++/11/x86_64-redhat-linux] ==> [/usr/include/c++/11/x86_64-redhat-linux]
  collapse include dir [/usr/lib/gcc/x86_64-redhat-linux/11/../../../../include/c++/11/backward] ==> [/usr/include/c++/11/backward]
  collapse include dir [/usr/lib/gcc/x86_64-redhat-linux/11/include] ==> [/usr/lib/gcc/x86_64-redhat-linux/11/include]
  collapse include dir [/usr/local/include] ==> [/usr/local/include]
  collapse include dir [/usr/include] ==> [/usr/include]
  implicit include dirs: [/usr/include/c++/11;/usr/include/c++/11/x86_64-redhat-linux;/usr/include/c++/11/backward;/usr/lib/gcc/x86_64-redhat-linux/11/include;/usr/local/include;/usr/include]


Parsed CXX implicit link information from above output:
  link line regex: [^( *|.*[/\])(ld|CMAKE_LINK_STARTFILE-NOTFOUND|([^/\]+-)?ld|collect2)[^/\]*( |$)]
  ignore line: [Change Dir: /home/apaaris/comp/project1_handout/corona_dirk/build/Eigen-prefix/src/Eigen-build/CMakeFiles/CMakeTmp]
  ignore line: []
  ignore line: [Run Build Command(s):/usr/bin/gmake -f Makefile cmTC_a4b96/fast && gmake[3]: Entering directory '/home/apaaris/comp/project1_handout/corona_dirk/build/Eigen-prefix/src/Eigen-build/CMakeFiles/CMakeTmp']
  ignore line: [/usr/bin/gmake  -f CMakeFiles/cmTC_a4b96.dir/build.make CMakeFiles/cmTC_a4b96.dir/build]
  ignore line: [gmake[4]: Entering directory '/home/apaaris/comp/project1_handout/corona_dirk/build/Eigen-prefix/src/Eigen-build/CMakeFiles/CMakeTmp']
  ignore line: [Building CXX object CMakeFiles/cmTC_a4b96.dir/CMakeCXXCompilerABI.cpp.o]
  ignore line: [/usr/bin/c++   -v -o CMakeFiles/cmTC_a4b96.dir/CMakeCXXCompilerABI.cpp.o -c /usr/share/cmake/Modules/CMakeCXXCompilerABI.cpp]
  ignore line: [Using built-in specs.]
  ignore line: [COLLECT_GCC=/usr/bin/c++]
  ignore line: [OFFLOAD_TARGET_NAMES=nvptx-none]
  ignore line: [OFFLOAD_TARGET_DEFAULT=1]
  ignore line: [Target: x86_64-redhat-linux]
  ignore line: [Configured with: ../configure --enable-bootstrap --enable-languages=c c++ fortran objc obj-c++ ada go d lto --prefix=/usr --mandir=/usr/share/man --infodir=/usr/share/info --with-bugurl=http://bugzilla.redhat.com/bugzilla --enable-shared --enable-threads=posix --enable-checking=release --enable-multilib --with-system-zlib --enable-__cxa_atexit --disable-libunwind-exceptions --enable-gnu-unique-object --enable-linker-build-id --with-gcc-major-version-only --with-linker-hash-style=gnu --enable-plugin --enable-initfini-array --with-isl=/builddir/build/BUILD/gcc-11.2.1-20210728/obj-x86_64-redhat-linux/isl-install --enable-offload-targets=nvptx-none --without-cuda-driver --enable-gnu-indirect-function --enable-cet --with-tune=generic --with-arch_32=i686 --build=x86_64-redhat-linux]
  ignore line: [Thread model: posix]
  ignore line: [Supported LTO compression algorithms: zlib zstd]
  ignore line: [gcc version 11.2.1 20210728 (Red Hat 11.2.1-1) (GCC) ]
  ignore line: [COLLECT_GCC_OPTIONS='-v' '-o' 'CMakeFiles/cmTC_a4b96.dir/CMakeCXXCompilerABI.cpp.o' '-c' '-shared-libgcc' '-mtune=generic' '-march=x86-64' '-dumpdir' 'CMakeFiles/cmTC_a4b96.dir/']
  ignore line: [ /usr/libexec/gcc/x86_64-redhat-linux/11/cc1plus -quiet -v -D_GNU_SOURCE /usr/share/cmake/Modules/CMakeCXXCompilerABI.cpp -quiet -dumpdir CMakeFiles/cmTC_a4b96.dir/ -dumpbase CMakeCXXCompilerABI.cpp.cpp -dumpbase-ext .cpp -mtune=generic -march=x86-64 -version -o /tmp/cc7aOS1T.s]
  ignore line: [GNU C++17 (GCC) version 11.2.1 20210728 (Red Hat 11.2.1-1) (x86_64-redhat-linux)]
  ignore line: [	compiled by GNU C version 11.2.1 20210728 (Red Hat 11.2.1-1)  GMP version 6.2.0  MPFR version 4.1.0-p13  MPC version 1.2.1  isl version isl-0.18-GMP]
  ignore line: []
  ignore line: [GGC heuristics: --param ggc-min-expand=100 --param ggc-min-heapsize=131072]
  ignore line: [ignoring nonexistent directory "/usr/lib/gcc/x86_64-redhat-linux/11/include-fixed"]
  ignore line: [ignoring nonexistent directory "/usr/lib/gcc/x86_64-redhat-linux/11/../../../../x86_64-redhat-linux/include"]
  ignore line: [#include "..." search starts here:]
  ignore line: [#include <...> search starts here:]
  ignore line: [ /usr/lib/gcc/x86_64-redhat-linux/11/../../../../include/c++/11]
  ignore line: [ /usr/lib/gcc/x86_64-redhat-linux/11/../../../../include/c++/11/x86_64-redhat-linux]
  ignore line: [ /usr/lib/gcc/x86_64-redhat-linux/11/../../../../include/c++/11/backward]
  ignore line: [ /usr/lib/gcc/x86_64-redhat-linux/11/include]
  ignore line: [ /usr/local/include]
  ignore line: [ /usr/include]
  ignore line: [End of search list.]
  ignore line: [GNU C++17 (GCC) version 11.2.1 20210728 (Red Hat 11.2.1-1) (x86_64-redhat-linux)]
  ignore line: [	compiled by GNU C version 11.2.1 20210728 (Red Hat 11.2.1-1)  GMP version 6.2.0  MPFR version 4.1.0-p13  MPC version 1.2.1  isl version isl-0.18-GMP]
  ignore line: []
  ignore line: [GGC heuristics: --param ggc-min-expand=100 --param ggc-min-heapsize=131072]
  ignore line: [Compiler executable checksum: ee1a2f208dd48c6a5d24bdcd31126e66]
  ignore line: [COLLECT_GCC_OPTIONS='-v' '-o' 'CMakeFiles/cmTC_a4b96.dir/CMakeCXXCompilerABI.cpp.o' '-c' '-shared-libgcc' '-mtune=generic' '-march=x86-64' '-dumpdir' 'CMakeFiles/cmTC_a4b96.dir/']
  ignore line: [ as -v --64 -o CMakeFiles/cmTC_a4b96.dir/CMakeCXXCompilerABI.cpp.o /tmp/cc7aOS1T.s]
  ignore line: [GNU assembler version 2.35.2 (x86_64-redhat-linux) using BFD version version 2.35.2-6.fc34]
  ignore line: [COMPILER_PATH=/usr/libexec/gcc/x86_64-redhat-linux/11/:/usr/libexec/gcc/x86_64-redhat-linux/11/:/usr/libexec/gcc/x86_64-redhat-linux/:/usr/lib/gcc/x86_64-redhat-linux/11/:/usr/lib/gcc/x86_64-redhat-linux/]
  ignore line: [LIBRARY_PATH=/usr/lib/gcc/x86_64-redhat-linux/11/:/usr/lib/gcc/x86_64-redhat-linux/11/../../../../lib64/:/lib/../lib64/:/usr/lib/../lib64/:/usr/lib/gcc/x86_64-redhat-linux/11/../../../:/lib/:/usr/lib/]
  ignore line: [COLLECT_GCC_OPTIONS='-v' '-o' 'CMakeFiles/cmTC_a4b96.dir/CMakeCXXCompilerABI.cpp.o' '-c' '-shared-libgcc' '-mtune=generic' '-march=x86-64' '-dumpdir' 'CMakeFiles/cmTC_a4b96.dir/CMakeCXXCompilerABI.cpp.']
  ignore line: [Linking CXX executable cmTC_a4b96]
  ignore line: [/usr/bin/cmake -E cmake_link_script CMakeFiles/cmTC_a4b96.dir/link.txt --verbose=1]
  ignore line: [/usr/bin/c++  -v -rdynamic CMakeFiles/cmTC_a4b96.dir/CMakeCXXCompilerABI.cpp.o -o cmTC_a4b96 ]
  ignore line: [Using built-in specs.]
  ignore line: [COLLECT_GCC=/usr/bin/c++]
  ignore line: [COLLECT_LTO_WRAPPER=/usr/libexec/gcc/x86_64-redhat-linux/11/lto-wrapper]
  ignore line: [OFFLOAD_TARGET_NAMES=nvptx-none]
  ignore line: [OFFLOAD_TARGET_DEFAULT=1]
  ignore line: [Target: x86_64-redhat-linux]
  ignore line: [Configured with: ../configure --enable-bootstrap --enable-languages=c c++ fortran objc obj-c++ ada go d lto --prefix=/usr --mandir=/usr/share/man --infodir=/usr/share/info --with-bugurl=http://bugzilla.redhat.com/bugzilla --enable-shared --enable-threads=posix --enable-checking=release --enable-multilib --with-system-zlib --enable-__cxa_atexit --disable-libunwind-exceptions --enable-gnu-unique-object --enable-linker-build-id --with-gcc-major-version-only --with-linker-hash-style=gnu --enable-plugin --enable-initfini-array --with-isl=/builddir/build/BUILD/gcc-11.2.1-20210728/obj-x86_64-redhat-linux/isl-install --enable-offload-targets=nvptx-none --without-cuda-driver --enable-gnu-indirect-function --enable-cet --with-tune=generic --with-arch_32=i686 --build=x86_64-redhat-linux]
  ignore line: [Thread model: posix]
  ignore line: [Supported LTO compression algorithms: zlib zstd]
  ignore line: [gcc version 11.2.1 20210728 (Red Hat 11.2.1-1) (GCC) ]
  ignore line: [COMPILER_PATH=/usr/libexec/gcc/x86_64-redhat-linux/11/:/usr/libexec/gcc/x86_64-redhat-linux/11/:/usr/libexec/gcc/x86_64-redhat-linux/:/usr/lib/gcc/x86_64-redhat-linux/11/:/usr/lib/gcc/x86_64-redhat-linux/]
  ignore line: [LIBRARY_PATH=/usr/lib/gcc/x86_64-redhat-linux/11/:/usr/lib/gcc/x86_64-redhat-linux/11/../../../../lib64/:/lib/../lib64/:/usr/lib/../lib64/:/usr/lib/gcc/x86_64-redhat-linux/11/../../../:/lib/:/usr/lib/]
  ignore line: [COLLECT_GCC_OPTIONS='-v' '-rdynamic' '-o' 'cmTC_a4b96' '-shared-libgcc' '-mtune=generic' '-march=x86-64' '-dumpdir' 'cmTC_a4b96.']
  link line: [ /usr/libexec/gcc/x86_64-redhat-linux/11/collect2 -plugin /usr/libexec/gcc/x86_64-redhat-linux/11/liblto_plugin.so -plugin-opt=/usr/libexec/gcc/x86_64-redhat-linux/11/lto-wrapper -plugin-opt=-fresolution=/tmp/ccmU1wNz.res -plugin-opt=-pass-through=-lgcc_s -plugin-opt=-pass-through=-lgcc -plugin-opt=-pass-through=-lc -plugin-opt=-pass-through=-lgcc_s -plugin-opt=-pass-through=-lgcc --build-id --no-add-needed --eh-frame-hdr --hash-style=gnu -m elf_x86_64 -export-dynamic -dynamic-linker /lib64/ld-linux-x86-64.so.2 -o cmTC_a4b96 /usr/lib/gcc/x86_64-redhat-linux/11/../../../../lib64/crt1.o /usr/lib/gcc/x86_64-redhat-linux/11/../../../../lib64/crti.o /usr/lib/gcc/x86_64-redhat-linux/11/crtbegin.o -L/usr/lib/gcc/x86_64-redhat-linux/11 -L/usr/lib/gcc/x86_64-redhat-linux/11/../../../../lib64 -L/lib/../lib64 -L/usr/lib/../lib64 -L/usr/lib/gcc/x86_64-redhat-linux/11/../../.. CMakeFiles/cmTC_a4b96.dir/CMakeCXXCompilerABI.cpp.o -lstdc++ -lm -lgcc_s -lgcc -lc -lgcc_s -lgcc /usr/lib/gcc/x86_64-redhat-linux/11/crtend.o /usr/lib/gcc/x86_64-redhat-linux/11/../../../../lib64/crtn.o]
    arg [/usr/libexec/gcc/x86_64-redhat-linux/11/collect2] ==> ignore
    arg [-plugin] ==> ignore
    arg [/usr/libexec/gcc/x86_64-redhat-linux/11/liblto_plugin.so] ==> ignore
    arg [-plugin-opt=/usr/libexec/gcc/x86_64-redhat-linux/11/lto-wrapper] ==> ignore
    arg [-plugin-opt=-fresolution=/tmp/ccmU1wNz.res] ==> ignore
    arg [-plugin-opt=-pass-through=-lgcc_s] ==> ignore
    arg [-plugin-opt=-pass-through=-lgcc] ==> ignore
    arg [-plugin-opt=-pass-through=-lc] ==> ignore
    arg [-plugin-opt=-pass-through=-lgcc_s] ==> ignore
    arg [-plugin-opt=-pass-through=-lgcc] ==> ignore
    arg [--build-id] ==> ignore
    arg [--no-add-needed] ==> ignore
    arg [--eh-frame-hdr] ==> ignore
    arg [--hash-style=gnu] ==> ignore
    arg [-m] ==> ignore
    arg [elf_x86_64] ==> ignore
    arg [-export-dynamic] ==> ignore
    arg [-dynamic-linker] ==> ignore
    arg [/lib64/ld-linux-x86-64.so.2] ==> ignore
    arg [-o] ==> ignore
    arg [cmTC_a4b96] ==> ignore
    arg [/usr/lib/gcc/x86_64-redhat-linux/11/../../../../lib64/crt1.o] ==> obj [/usr/lib/gcc/x86_64-redhat-linux/11/../../../../lib64/crt1.o]
    arg [/usr/lib/gcc/x86_64-redhat-linux/11/../../../../lib64/crti.o] ==> obj [/usr/lib/gcc/x86_64-redhat-linux/11/../../../../lib64/crti.o]
    arg [/usr/lib/gcc/x86_64-redhat-linux/11/crtbegin.o] ==> obj [/usr/lib/gcc/x86_64-redhat-linux/11/crtbegin.o]
    arg [-L/usr/lib/gcc/x86_64-redhat-linux/11] ==> dir [/usr/lib/gcc/x86_64-redhat-linux/11]
    arg [-L/usr/lib/gcc/x86_64-redhat-linux/11/../../../../lib64] ==> dir [/usr/lib/gcc/x86_64-redhat-linux/11/../../../../lib64]
    arg [-L/lib/../lib64] ==> dir [/lib/../lib64]
    arg [-L/usr/lib/../lib64] ==> dir [/usr/lib/../lib64]
    arg [-L/usr/lib/gcc/x86_64-redhat-linux/11/../../..] ==> dir [/usr/lib/gcc/x86_64-redhat-linux/11/../../..]
    arg [CMakeFiles/cmTC_a4b96.dir/CMakeCXXCompilerABI.cpp.o] ==> ignore
    arg [-lstdc++] ==> lib [stdc++]
    arg [-lm] ==> lib [m]
    arg [-lgcc_s] ==> lib [gcc_s]
    arg [-lgcc] ==> lib [gcc]
    arg [-lc] ==> lib [c]
    arg [-lgcc_s] ==> lib [gcc_s]
    arg [-lgcc] ==> lib [gcc]
    arg [/usr/lib/gcc/x86_64-redhat-linux/11/crtend.o] ==> obj [/usr/lib/gcc/x86_64-redhat-linux/11/crtend.o]
    arg [/usr/lib/gcc/x86_64-redhat-linux/11/../../../../lib64/crtn.o] ==> obj [/usr/lib/gcc/x86_64-redhat-linux/11/../../../../lib64/crtn.o]
  collapse obj [/usr/lib/gcc/x86_64-redhat-linux/11/../../../../lib64/crt1.o] ==> [/usr/lib64/crt1.o]
  collapse obj [/usr/lib/gcc/x86_64-redhat-linux/11/../../../../lib64/crti.o] ==> [/usr/lib64/crti.o]
  collapse obj [/usr/lib/gcc/x86_64-redhat-linux/11/../../../../lib64/crtn.o] ==> [/usr/lib64/crtn.o]
  collapse library dir [/usr/lib/gcc/x86_64-redhat-linux/11] ==> [/usr/lib/gcc/x86_64-redhat-linux/11]
  collapse library dir [/usr/lib/gcc/x86_64-redhat-linux/11/../../../../lib64] ==> [/usr/lib64]
  collapse library dir [/lib/../lib64] ==> [/lib64]
  collapse library dir [/usr/lib/../lib64] ==> [/usr/lib64]
  collapse library dir [/usr/lib/gcc/x86_64-redhat-linux/11/../../..] ==> [/usr/lib]
  implicit libs: [stdc++;m;gcc_s;gcc;c;gcc_s;gcc]
  implicit objs: [/usr/lib64/crt1.o;/usr/lib64/crti.o;/usr/lib/gcc/x86_64-redhat-linux/11/crtbegin.o;/usr/lib/gcc/x86_64-redhat-linux/11/crtend.o;/usr/lib64/crtn.o]
  implicit dirs: [/usr/lib/gcc/x86_64-redhat-linux/11;/usr/lib64;/lib64;/usr/lib]
  implicit fwks: []


Performing C++ SOURCE FILE Test EIGEN_COMPILER_SUPPORT_CPP11 succeeded with the following output:
Change Dir: /home/apaaris/comp/project1_handout/corona_dirk/build/Eigen-prefix/src/Eigen-build/CMakeFiles/CMakeTmp

Run Build Command(s):/usr/bin/gmake -f Makefile cmTC_b10e2/fast && gmake[3]: Entering directory '/home/apaaris/comp/project1_handout/corona_dirk/build/Eigen-prefix/src/Eigen-build/CMakeFiles/CMakeTmp'
/usr/bin/gmake  -f CMakeFiles/cmTC_b10e2.dir/build.make CMakeFiles/cmTC_b10e2.dir/build
gmake[4]: Entering directory '/home/apaaris/comp/project1_handout/corona_dirk/build/Eigen-prefix/src/Eigen-build/CMakeFiles/CMakeTmp'
Building CXX object CMakeFiles/cmTC_b10e2.dir/src.cxx.o
/usr/bin/c++ -DEIGEN_COMPILER_SUPPORT_CPP11  -std=c++11 -o CMakeFiles/cmTC_b10e2.dir/src.cxx.o -c /home/apaaris/comp/project1_handout/corona_dirk/build/Eigen-prefix/src/Eigen-build/CMakeFiles/CMakeTmp/src.cxx
Linking CXX executable cmTC_b10e2
/usr/bin/cmake -E cmake_link_script CMakeFiles/cmTC_b10e2.dir/link.txt --verbose=1
/usr/bin/c++ -rdynamic CMakeFiles/cmTC_b10e2.dir/src.cxx.o -o cmTC_b10e2 
gmake[4]: Leaving directory '/home/apaaris/comp/project1_handout/corona_dirk/build/Eigen-prefix/src/Eigen-build/CMakeFiles/CMakeTmp'
gmake[3]: Leaving directory '/home/apaaris/comp/project1_handout/corona_dirk/build/Eigen-prefix/src/Eigen-build/CMakeFiles/CMakeTmp'


Source file was:
int main() { return 0; }
Performing C++ SOURCE FILE Test COMPILER_SUPPORT_std=cpp03 succeeded with the following output:
Change Dir: /home/apaaris/comp/project1_handout/corona_dirk/build/Eigen-prefix/src/Eigen-build/CMakeFiles/CMakeTmp

Run Build Command(s):/usr/bin/gmake -f Makefile cmTC_80db4/fast && gmake[3]: Entering directory '/home/apaaris/comp/project1_handout/corona_dirk/build/Eigen-prefix/src/Eigen-build/CMakeFiles/CMakeTmp'
/usr/bin/gmake  -f CMakeFiles/cmTC_80db4.dir/build.make CMakeFiles/cmTC_80db4.dir/build
gmake[4]: Entering directory '/home/apaaris/comp/project1_handout/corona_dirk/build/Eigen-prefix/src/Eigen-build/CMakeFiles/CMakeTmp'
Building CXX object CMakeFiles/cmTC_80db4.dir/src.cxx.o
/usr/bin/c++ -DCOMPILER_SUPPORT_std=cpp03  -std=c++03 -o CMakeFiles/cmTC_80db4.dir/src.cxx.o -c /home/apaaris/comp/project1_handout/corona_dirk/build/Eigen-prefix/src/Eigen-build/CMakeFiles/CMakeTmp/src.cxx
Linking CXX executable cmTC_80db4
/usr/bin/cmake -E cmake_link_script CMakeFiles/cmTC_80db4.dir/link.txt --verbose=1
/usr/bin/c++ -rdynamic CMakeFiles/cmTC_80db4.dir/src.cxx.o -o cmTC_80db4 
gmake[4]: Leaving directory '/home/apaaris/comp/project1_handout/corona_dirk/build/Eigen-prefix/src/Eigen-build/CMakeFiles/CMakeTmp'
gmake[3]: Leaving directory '/home/apaaris/comp/project1_handout/corona_dirk/build/Eigen-prefix/src/Eigen-build/CMakeFiles/CMakeTmp'


Source file was:
int main() { return 0; }
Performing C++ SOURCE FILE Test standard_math_library_linked_to_automatically succeeded with the following output:
Change Dir: /home/apaaris/comp/project1_handout/corona_dirk/build/Eigen-prefix/src/Eigen-build/CMakeFiles/CMakeTmp

Run Build Command(s):/usr/bin/gmake -f Makefile cmTC_a89ad/fast && gmake[3]: Entering directory '/home/apaaris/comp/project1_handout/corona_dirk/build/Eigen-prefix/src/Eigen-build/CMakeFiles/CMakeTmp'
/usr/bin/gmake  -f CMakeFiles/cmTC_a89ad.dir/build.make CMakeFiles/cmTC_a89ad.dir/build
gmake[4]: Entering directory '/home/apaaris/comp/project1_handout/corona_dirk/build/Eigen-prefix/src/Eigen-build/CMakeFiles/CMakeTmp'
Building CXX object CMakeFiles/cmTC_a89ad.dir/src.cxx.o
/usr/bin/c++ -Dstandard_math_library_linked_to_automatically  -std=c++03  -o CMakeFiles/cmTC_a89ad.dir/src.cxx.o -c /home/apaaris/comp/project1_handout/corona_dirk/build/Eigen-prefix/src/Eigen-build/CMakeFiles/CMakeTmp/src.cxx
Linking CXX executable cmTC_a89ad
/usr/bin/cmake -E cmake_link_script CMakeFiles/cmTC_a89ad.dir/link.txt --verbose=1
/usr/bin/c++  -std=c++03  -rdynamic CMakeFiles/cmTC_a89ad.dir/src.cxx.o -o cmTC_a89ad 
gmake[4]: Leaving directory '/home/apaaris/comp/project1_handout/corona_dirk/build/Eigen-prefix/src/Eigen-build/CMakeFiles/CMakeTmp'
gmake[3]: Leaving directory '/home/apaaris/comp/project1_handout/corona_dirk/build/Eigen-prefix/src/Eigen-build/CMakeFiles/CMakeTmp'


Source file was:
#include<cmath>
int main() { std::sin(0.0); std::log(0.0f); }
Performing C++ SOURCE FILE Test COMPILER_SUPPORT_WERROR succeeded with the following output:
Change Dir: /home/apaaris/comp/project1_handout/corona_dirk/build/Eigen-prefix/src/Eigen-build/CMakeFiles/CMakeTmp

Run Build Command(s):/usr/bin/gmake -f Makefile cmTC_3a5e1/fast && gmake[3]: Entering directory '/home/apaaris/comp/project1_handout/corona_dirk/build/Eigen-prefix/src/Eigen-build/CMakeFiles/CMakeTmp'
/usr/bin/gmake  -f CMakeFiles/cmTC_3a5e1.dir/build.make CMakeFiles/cmTC_3a5e1.dir/build
gmake[4]: Entering directory '/home/apaaris/comp/project1_handout/corona_dirk/build/Eigen-prefix/src/Eigen-build/CMakeFiles/CMakeTmp'
Building CXX object CMakeFiles/cmTC_3a5e1.dir/src.cxx.o
/usr/bin/c++ -DCOMPILER_SUPPORT_WERROR  -std=c++03    -Werror -o CMakeFiles/cmTC_3a5e1.dir/src.cxx.o -c /home/apaaris/comp/project1_handout/corona_dirk/build/Eigen-prefix/src/Eigen-build/CMakeFiles/CMakeTmp/src.cxx
Linking CXX executable cmTC_3a5e1
/usr/bin/cmake -E cmake_link_script CMakeFiles/cmTC_3a5e1.dir/link.txt --verbose=1
/usr/bin/c++  -std=c++03  -rdynamic CMakeFiles/cmTC_3a5e1.dir/src.cxx.o -o cmTC_3a5e1 
gmake[4]: Leaving directory '/home/apaaris/comp/project1_handout/corona_dirk/build/Eigen-prefix/src/Eigen-build/CMakeFiles/CMakeTmp'
gmake[3]: Leaving directory '/home/apaaris/comp/project1_handout/corona_dirk/build/Eigen-prefix/src/Eigen-build/CMakeFiles/CMakeTmp'


Source file was:
int main() { return 0; }
Performing C++ SOURCE FILE Test COMPILER_SUPPORT_pedantic succeeded with the following output:
Change Dir: /home/apaaris/comp/project1_handout/corona_dirk/build/Eigen-prefix/src/Eigen-build/CMakeFiles/CMakeTmp

Run Build Command(s):/usr/bin/gmake -f Makefile cmTC_9d6cc/fast && gmake[3]: Entering directory '/home/apaaris/comp/project1_handout/corona_dirk/build/Eigen-prefix/src/Eigen-build/CMakeFiles/CMakeTmp'
/usr/bin/gmake  -f CMakeFiles/cmTC_9d6cc.dir/build.make CMakeFiles/cmTC_9d6cc.dir/build
gmake[4]: Entering directory '/home/apaaris/comp/project1_handout/corona_dirk/build/Eigen-prefix/src/Eigen-build/CMakeFiles/CMakeTmp'
Building CXX object CMakeFiles/cmTC_9d6cc.dir/src.cxx.o
/usr/bin/c++ -DCOMPILER_SUPPORT_pedantic  -std=c++03 -Werror   -pedantic -o CMakeFiles/cmTC_9d6cc.dir/src.cxx.o -c /home/apaaris/comp/project1_handout/corona_dirk/build/Eigen-prefix/src/Eigen-build/CMakeFiles/CMakeTmp/src.cxx
Linking CXX executable cmTC_9d6cc
/usr/bin/cmake -E cmake_link_script CMakeFiles/cmTC_9d6cc.dir/link.txt --verbose=1
/usr/bin/c++  -std=c++03 -Werror -rdynamic CMakeFiles/cmTC_9d6cc.dir/src.cxx.o -o cmTC_9d6cc 
gmake[4]: Leaving directory '/home/apaaris/comp/project1_handout/corona_dirk/build/Eigen-prefix/src/Eigen-build/CMakeFiles/CMakeTmp'
gmake[3]: Leaving directory '/home/apaaris/comp/project1_handout/corona_dirk/build/Eigen-prefix/src/Eigen-build/CMakeFiles/CMakeTmp'


Source file was:
int main() { return 0; }
Performing C++ SOURCE FILE Test COMPILER_SUPPORT_Wall succeeded with the following output:
Change Dir: /home/apaaris/comp/project1_handout/corona_dirk/build/Eigen-prefix/src/Eigen-build/CMakeFiles/CMakeTmp

Run Build Command(s):/usr/bin/gmake -f Makefile cmTC_1aa44/fast && gmake[3]: Entering directory '/home/apaaris/comp/project1_handout/corona_dirk/build/Eigen-prefix/src/Eigen-build/CMakeFiles/CMakeTmp'
/usr/bin/gmake  -f CMakeFiles/cmTC_1aa44.dir/build.make CMakeFiles/cmTC_1aa44.dir/build
gmake[4]: Entering directory '/home/apaaris/comp/project1_handout/corona_dirk/build/Eigen-prefix/src/Eigen-build/CMakeFiles/CMakeTmp'
Building CXX object CMakeFiles/cmTC_1aa44.dir/src.cxx.o
/usr/bin/c++ -DCOMPILER_SUPPORT_Wall  -std=c++03 -pedantic -Werror   -Wall -o CMakeFiles/cmTC_1aa44.dir/src.cxx.o -c /home/apaaris/comp/project1_handout/corona_dirk/build/Eigen-prefix/src/Eigen-build/CMakeFiles/CMakeTmp/src.cxx
Linking CXX executable cmTC_1aa44
/usr/bin/cmake -E cmake_link_script CMakeFiles/cmTC_1aa44.dir/link.txt --verbose=1
/usr/bin/c++  -std=c++03 -pedantic -Werror -rdynamic CMakeFiles/cmTC_1aa44.dir/src.cxx.o -o cmTC_1aa44 
gmake[4]: Leaving directory '/home/apaaris/comp/project1_handout/corona_dirk/build/Eigen-prefix/src/Eigen-build/CMakeFiles/CMakeTmp'
gmake[3]: Leaving directory '/home/apaaris/comp/project1_handout/corona_dirk/build/Eigen-prefix/src/Eigen-build/CMakeFiles/CMakeTmp'


Source file was:
int main() { return 0; }
Performing C++ SOURCE FILE Test COMPILER_SUPPORT_Wextra succeeded with the following output:
Change Dir: /home/apaaris/comp/project1_handout/corona_dirk/build/Eigen-prefix/src/Eigen-build/CMakeFiles/CMakeTmp

Run Build Command(s):/usr/bin/gmake -f Makefile cmTC_26bb3/fast && gmake[3]: Entering directory '/home/apaaris/comp/project1_handout/corona_dirk/build/Eigen-prefix/src/Eigen-build/CMakeFiles/CMakeTmp'
/usr/bin/gmake  -f CMakeFiles/cmTC_26bb3.dir/build.make CMakeFiles/cmTC_26bb3.dir/build
gmake[4]: Entering directory '/home/apaaris/comp/project1_handout/corona_dirk/build/Eigen-prefix/src/Eigen-build/CMakeFiles/CMakeTmp'
Building CXX object CMakeFiles/cmTC_26bb3.dir/src.cxx.o
/usr/bin/c++ -DCOMPILER_SUPPORT_Wextra  -std=c++03 -pedantic -Wall -Werror   -Wextra -o CMakeFiles/cmTC_26bb3.dir/src.cxx.o -c /home/apaaris/comp/project1_handout/corona_dirk/build/Eigen-prefix/src/Eigen-build/CMakeFiles/CMakeTmp/src.cxx
Linking CXX executable cmTC_26bb3
/usr/bin/cmake -E cmake_link_script CMakeFiles/cmTC_26bb3.dir/link.txt --verbose=1
/usr/bin/c++  -std=c++03 -pedantic -Wall -Werror -rdynamic CMakeFiles/cmTC_26bb3.dir/src.cxx.o -o cmTC_26bb3 
gmake[4]: Leaving directory '/home/apaaris/comp/project1_handout/corona_dirk/build/Eigen-prefix/src/Eigen-build/CMakeFiles/CMakeTmp'
gmake[3]: Leaving directory '/home/apaaris/comp/project1_handout/corona_dirk/build/Eigen-prefix/src/Eigen-build/CMakeFiles/CMakeTmp'


Source file was:
int main() { return 0; }
Performing C++ SOURCE FILE Test COMPILER_SUPPORT_Wundef succeeded with the following output:
Change Dir: /home/apaaris/comp/project1_handout/corona_dirk/build/Eigen-prefix/src/Eigen-build/CMakeFiles/CMakeTmp

Run Build Command(s):/usr/bin/gmake -f Makefile cmTC_e2196/fast && gmake[3]: Entering directory '/home/apaaris/comp/project1_handout/corona_dirk/build/Eigen-prefix/src/Eigen-build/CMakeFiles/CMakeTmp'
/usr/bin/gmake  -f CMakeFiles/cmTC_e2196.dir/build.make CMakeFiles/cmTC_e2196.dir/build
gmake[4]: Entering directory '/home/apaaris/comp/project1_handout/corona_dirk/build/Eigen-prefix/src/Eigen-build/CMakeFiles/CMakeTmp'
Building CXX object CMakeFiles/cmTC_e2196.dir/src.cxx.o
/usr/bin/c++ -DCOMPILER_SUPPORT_Wundef  -std=c++03 -pedantic -Wall -Wextra -Werror   -Wundef -o CMakeFiles/cmTC_e2196.dir/src.cxx.o -c /home/apaaris/comp/project1_handout/corona_dirk/build/Eigen-prefix/src/Eigen-build/CMakeFiles/CMakeTmp/src.cxx
Linking CXX executable cmTC_e2196
/usr/bin/cmake -E cmake_link_script CMakeFiles/cmTC_e2196.dir/link.txt --verbose=1
/usr/bin/c++  -std=c++03 -pedantic -Wall -Wextra -Werror -rdynamic CMakeFiles/cmTC_e2196.dir/src.cxx.o -o cmTC_e2196 
gmake[4]: Leaving directory '/home/apaaris/comp/project1_handout/corona_dirk/build/Eigen-prefix/src/Eigen-build/CMakeFiles/CMakeTmp'
gmake[3]: Leaving directory '/home/apaaris/comp/project1_handout/corona_dirk/build/Eigen-prefix/src/Eigen-build/CMakeFiles/CMakeTmp'


Source file was:
int main() { return 0; }
Performing C++ SOURCE FILE Test COMPILER_SUPPORT_Wcastalign succeeded with the following output:
Change Dir: /home/apaaris/comp/project1_handout/corona_dirk/build/Eigen-prefix/src/Eigen-build/CMakeFiles/CMakeTmp

Run Build Command(s):/usr/bin/gmake -f Makefile cmTC_b1970/fast && gmake[3]: Entering directory '/home/apaaris/comp/project1_handout/corona_dirk/build/Eigen-prefix/src/Eigen-build/CMakeFiles/CMakeTmp'
/usr/bin/gmake  -f CMakeFiles/cmTC_b1970.dir/build.make CMakeFiles/cmTC_b1970.dir/build
gmake[4]: Entering directory '/home/apaaris/comp/project1_handout/corona_dirk/build/Eigen-prefix/src/Eigen-build/CMakeFiles/CMakeTmp'
Building CXX object CMakeFiles/cmTC_b1970.dir/src.cxx.o
/usr/bin/c++ -DCOMPILER_SUPPORT_Wcastalign  -std=c++03 -pedantic -Wall -Wextra -Wundef -Werror   -Wcast-align -o CMakeFiles/cmTC_b1970.dir/src.cxx.o -c /home/apaaris/comp/project1_handout/corona_dirk/build/Eigen-prefix/src/Eigen-build/CMakeFiles/CMakeTmp/src.cxx
Linking CXX executable cmTC_b1970
/usr/bin/cmake -E cmake_link_script CMakeFiles/cmTC_b1970.dir/link.txt --verbose=1
/usr/bin/c++  -std=c++03 -pedantic -Wall -Wextra -Wundef -Werror -rdynamic CMakeFiles/cmTC_b1970.dir/src.cxx.o -o cmTC_b1970 
gmake[4]: Leaving directory '/home/apaaris/comp/project1_handout/corona_dirk/build/Eigen-prefix/src/Eigen-build/CMakeFiles/CMakeTmp'
gmake[3]: Leaving directory '/home/apaaris/comp/project1_handout/corona_dirk/build/Eigen-prefix/src/Eigen-build/CMakeFiles/CMakeTmp'


Source file was:
int main() { return 0; }
Performing C++ SOURCE FILE Test COMPILER_SUPPORT_Wcharsubscripts succeeded with the following output:
Change Dir: /home/apaaris/comp/project1_handout/corona_dirk/build/Eigen-prefix/src/Eigen-build/CMakeFiles/CMakeTmp

Run Build Command(s):/usr/bin/gmake -f Makefile cmTC_e8af6/fast && gmake[3]: Entering directory '/home/apaaris/comp/project1_handout/corona_dirk/build/Eigen-prefix/src/Eigen-build/CMakeFiles/CMakeTmp'
/usr/bin/gmake  -f CMakeFiles/cmTC_e8af6.dir/build.make CMakeFiles/cmTC_e8af6.dir/build
gmake[4]: Entering directory '/home/apaaris/comp/project1_handout/corona_dirk/build/Eigen-prefix/src/Eigen-build/CMakeFiles/CMakeTmp'
Building CXX object CMakeFiles/cmTC_e8af6.dir/src.cxx.o
/usr/bin/c++ -DCOMPILER_SUPPORT_Wcharsubscripts  -std=c++03 -pedantic -Wall -Wextra -Wundef -Wcast-align -Werror   -Wchar-subscripts -o CMakeFiles/cmTC_e8af6.dir/src.cxx.o -c /home/apaaris/comp/project1_handout/corona_dirk/build/Eigen-prefix/src/Eigen-build/CMakeFiles/CMakeTmp/src.cxx
Linking CXX executable cmTC_e8af6
/usr/bin/cmake -E cmake_link_script CMakeFiles/cmTC_e8af6.dir/link.txt --verbose=1
/usr/bin/c++  -std=c++03 -pedantic -Wall -Wextra -Wundef -Wcast-align -Werror -rdynamic CMakeFiles/cmTC_e8af6.dir/src.cxx.o -o cmTC_e8af6 
gmake[4]: Leaving directory '/home/apaaris/comp/project1_handout/corona_dirk/build/Eigen-prefix/src/Eigen-build/CMakeFiles/CMakeTmp'
gmake[3]: Leaving directory '/home/apaaris/comp/project1_handout/corona_dirk/build/Eigen-prefix/src/Eigen-build/CMakeFiles/CMakeTmp'


Source file was:
int main() { return 0; }
Performing C++ SOURCE FILE Test COMPILER_SUPPORT_Wnonvirtualdtor succeeded with the following output:
Change Dir: /home/apaaris/comp/project1_handout/corona_dirk/build/Eigen-prefix/src/Eigen-build/CMakeFiles/CMakeTmp

Run Build Command(s):/usr/bin/gmake -f Makefile cmTC_b5fc6/fast && gmake[3]: Entering directory '/home/apaaris/comp/project1_handout/corona_dirk/build/Eigen-prefix/src/Eigen-build/CMakeFiles/CMakeTmp'
/usr/bin/gmake  -f CMakeFiles/cmTC_b5fc6.dir/build.make CMakeFiles/cmTC_b5fc6.dir/build
gmake[4]: Entering directory '/home/apaaris/comp/project1_handout/corona_dirk/build/Eigen-prefix/src/Eigen-build/CMakeFiles/CMakeTmp'
Building CXX object CMakeFiles/cmTC_b5fc6.dir/src.cxx.o
/usr/bin/c++ -DCOMPILER_SUPPORT_Wnonvirtualdtor  -std=c++03 -pedantic -Wall -Wextra -Wundef -Wcast-align -Wchar-subscripts -Werror   -Wnon-virtual-dtor -o CMakeFiles/cmTC_b5fc6.dir/src.cxx.o -c /home/apaaris/comp/project1_handout/corona_dirk/build/Eigen-prefix/src/Eigen-build/CMakeFiles/CMakeTmp/src.cxx
Linking CXX executable cmTC_b5fc6
/usr/bin/cmake -E cmake_link_script CMakeFiles/cmTC_b5fc6.dir/link.txt --verbose=1
/usr/bin/c++  -std=c++03 -pedantic -Wall -Wextra -Wundef -Wcast-align -Wchar-subscripts -Werror -rdynamic CMakeFiles/cmTC_b5fc6.dir/src.cxx.o -o cmTC_b5fc6 
gmake[4]: Leaving directory '/home/apaaris/comp/project1_handout/corona_dirk/build/Eigen-prefix/src/Eigen-build/CMakeFiles/CMakeTmp'
gmake[3]: Leaving directory '/home/apaaris/comp/project1_handout/corona_dirk/build/Eigen-prefix/src/Eigen-build/CMakeFiles/CMakeTmp'


Source file was:
int main() { return 0; }
Performing C++ SOURCE FILE Test COMPILER_SUPPORT_Wunusedlocaltypedefs succeeded with the following output:
Change Dir: /home/apaaris/comp/project1_handout/corona_dirk/build/Eigen-prefix/src/Eigen-build/CMakeFiles/CMakeTmp

Run Build Command(s):/usr/bin/gmake -f Makefile cmTC_78ee5/fast && gmake[3]: Entering directory '/home/apaaris/comp/project1_handout/corona_dirk/build/Eigen-prefix/src/Eigen-build/CMakeFiles/CMakeTmp'
/usr/bin/gmake  -f CMakeFiles/cmTC_78ee5.dir/build.make CMakeFiles/cmTC_78ee5.dir/build
gmake[4]: Entering directory '/home/apaaris/comp/project1_handout/corona_dirk/build/Eigen-prefix/src/Eigen-build/CMakeFiles/CMakeTmp'
Building CXX object CMakeFiles/cmTC_78ee5.dir/src.cxx.o
/usr/bin/c++ -DCOMPILER_SUPPORT_Wunusedlocaltypedefs  -std=c++03 -pedantic -Wall -Wextra -Wundef -Wcast-align -Wchar-subscripts -Wnon-virtual-dtor -Werror   -Wunused-local-typedefs -o CMakeFiles/cmTC_78ee5.dir/src.cxx.o -c /home/apaaris/comp/project1_handout/corona_dirk/build/Eigen-prefix/src/Eigen-build/CMakeFiles/CMakeTmp/src.cxx
Linking CXX executable cmTC_78ee5
/usr/bin/cmake -E cmake_link_script CMakeFiles/cmTC_78ee5.dir/link.txt --verbose=1
/usr/bin/c++  -std=c++03 -pedantic -Wall -Wextra -Wundef -Wcast-align -Wchar-subscripts -Wnon-virtual-dtor -Werror -rdynamic CMakeFiles/cmTC_78ee5.dir/src.cxx.o -o cmTC_78ee5 
gmake[4]: Leaving directory '/home/apaaris/comp/project1_handout/corona_dirk/build/Eigen-prefix/src/Eigen-build/CMakeFiles/CMakeTmp'
gmake[3]: Leaving directory '/home/apaaris/comp/project1_handout/corona_dirk/build/Eigen-prefix/src/Eigen-build/CMakeFiles/CMakeTmp'


Source file was:
int main() { return 0; }
Performing C++ SOURCE FILE Test COMPILER_SUPPORT_Wpointerarith succeeded with the following output:
Change Dir: /home/apaaris/comp/project1_handout/corona_dirk/build/Eigen-prefix/src/Eigen-build/CMakeFiles/CMakeTmp

Run Build Command(s):/usr/bin/gmake -f Makefile cmTC_e4982/fast && gmake[3]: Entering directory '/home/apaaris/comp/project1_handout/corona_dirk/build/Eigen-prefix/src/Eigen-build/CMakeFiles/CMakeTmp'
/usr/bin/gmake  -f CMakeFiles/cmTC_e4982.dir/build.make CMakeFiles/cmTC_e4982.dir/build
gmake[4]: Entering directory '/home/apaaris/comp/project1_handout/corona_dirk/build/Eigen-prefix/src/Eigen-build/CMakeFiles/CMakeTmp'
Building CXX object CMakeFiles/cmTC_e4982.dir/src.cxx.o
/usr/bin/c++ -DCOMPILER_SUPPORT_Wpointerarith  -std=c++03 -pedantic -Wall -Wextra -Wundef -Wcast-align -Wchar-subscripts -Wnon-virtual-dtor -Wunused-local-typedefs -Werror   -Wpointer-arith -o CMakeFiles/cmTC_e4982.dir/src.cxx.o -c /home/apaaris/comp/project1_handout/corona_dirk/build/Eigen-prefix/src/Eigen-build/CMakeFiles/CMakeTmp/src.cxx
Linking CXX executable cmTC_e4982
/usr/bin/cmake -E cmake_link_script CMakeFiles/cmTC_e4982.dir/link.txt --verbose=1
/usr/bin/c++  -std=c++03 -pedantic -Wall -Wextra -Wundef -Wcast-align -Wchar-subscripts -Wnon-virtual-dtor -Wunused-local-typedefs -Werror -rdynamic CMakeFiles/cmTC_e4982.dir/src.cxx.o -o cmTC_e4982 
gmake[4]: Leaving directory '/home/apaaris/comp/project1_handout/corona_dirk/build/Eigen-prefix/src/Eigen-build/CMakeFiles/CMakeTmp'
gmake[3]: Leaving directory '/home/apaaris/comp/project1_handout/corona_dirk/build/Eigen-prefix/src/Eigen-build/CMakeFiles/CMakeTmp'


Source file was:
int main() { return 0; }
Performing C++ SOURCE FILE Test COMPILER_SUPPORT_Wwritestrings succeeded with the following output:
Change Dir: /home/apaaris/comp/project1_handout/corona_dirk/build/Eigen-prefix/src/Eigen-build/CMakeFiles/CMakeTmp

Run Build Command(s):/usr/bin/gmake -f Makefile cmTC_b3930/fast && gmake[3]: Entering directory '/home/apaaris/comp/project1_handout/corona_dirk/build/Eigen-prefix/src/Eigen-build/CMakeFiles/CMakeTmp'
/usr/bin/gmake  -f CMakeFiles/cmTC_b3930.dir/build.make CMakeFiles/cmTC_b3930.dir/build
gmake[4]: Entering directory '/home/apaaris/comp/project1_handout/corona_dirk/build/Eigen-prefix/src/Eigen-build/CMakeFiles/CMakeTmp'
Building CXX object CMakeFiles/cmTC_b3930.dir/src.cxx.o
/usr/bin/c++ -DCOMPILER_SUPPORT_Wwritestrings  -std=c++03 -pedantic -Wall -Wextra -Wundef -Wcast-align -Wchar-subscripts -Wnon-virtual-dtor -Wunused-local-typedefs -Wpointer-arith -Werror   -Wwrite-strings -o CMakeFiles/cmTC_b3930.dir/src.cxx.o -c /home/apaaris/comp/project1_handout/corona_dirk/build/Eigen-prefix/src/Eigen-build/CMakeFiles/CMakeTmp/src.cxx
Linking CXX executable cmTC_b3930
/usr/bin/cmake -E cmake_link_script CMakeFiles/cmTC_b3930.dir/link.txt --verbose=1
/usr/bin/c++  -std=c++03 -pedantic -Wall -Wextra -Wundef -Wcast-align -Wchar-subscripts -Wnon-virtual-dtor -Wunused-local-typedefs -Wpointer-arith -Werror -rdynamic CMakeFiles/cmTC_b3930.dir/src.cxx.o -o cmTC_b3930 
gmake[4]: Leaving directory '/home/apaaris/comp/project1_handout/corona_dirk/build/Eigen-prefix/src/Eigen-build/CMakeFiles/CMakeTmp'
gmake[3]: Leaving directory '/home/apaaris/comp/project1_handout/corona_dirk/build/Eigen-prefix/src/Eigen-build/CMakeFiles/CMakeTmp'


Source file was:
int main() { return 0; }
Performing C++ SOURCE FILE Test COMPILER_SUPPORT_Wformatsecurity succeeded with the following output:
Change Dir: /home/apaaris/comp/project1_handout/corona_dirk/build/Eigen-prefix/src/Eigen-build/CMakeFiles/CMakeTmp

Run Build Command(s):/usr/bin/gmake -f Makefile cmTC_09769/fast && gmake[3]: Entering directory '/home/apaaris/comp/project1_handout/corona_dirk/build/Eigen-prefix/src/Eigen-build/CMakeFiles/CMakeTmp'
/usr/bin/gmake  -f CMakeFiles/cmTC_09769.dir/build.make CMakeFiles/cmTC_09769.dir/build
gmake[4]: Entering directory '/home/apaaris/comp/project1_handout/corona_dirk/build/Eigen-prefix/src/Eigen-build/CMakeFiles/CMakeTmp'
Building CXX object CMakeFiles/cmTC_09769.dir/src.cxx.o
/usr/bin/c++ -DCOMPILER_SUPPORT_Wformatsecurity  -std=c++03 -pedantic -Wall -Wextra -Wundef -Wcast-align -Wchar-subscripts -Wnon-virtual-dtor -Wunused-local-typedefs -Wpointer-arith -Wwrite-strings -Werror   -Wformat-security -o CMakeFiles/cmTC_09769.dir/src.cxx.o -c /home/apaaris/comp/project1_handout/corona_dirk/build/Eigen-prefix/src/Eigen-build/CMakeFiles/CMakeTmp/src.cxx
Linking CXX executable cmTC_09769
/usr/bin/cmake -E cmake_link_script CMakeFiles/cmTC_09769.dir/link.txt --verbose=1
/usr/bin/c++  -std=c++03 -pedantic -Wall -Wextra -Wundef -Wcast-align -Wchar-subscripts -Wnon-virtual-dtor -Wunused-local-typedefs -Wpointer-arith -Wwrite-strings -Werror -rdynamic CMakeFiles/cmTC_09769.dir/src.cxx.o -o cmTC_09769 
gmake[4]: Leaving directory '/home/apaaris/comp/project1_handout/corona_dirk/build/Eigen-prefix/src/Eigen-build/CMakeFiles/CMakeTmp'
gmake[3]: Leaving directory '/home/apaaris/comp/project1_handout/corona_dirk/build/Eigen-prefix/src/Eigen-build/CMakeFiles/CMakeTmp'


Source file was:
int main() { return 0; }
Performing C++ SOURCE FILE Test COMPILER_SUPPORT_Wlogicalop succeeded with the following output:
Change Dir: /home/apaaris/comp/project1_handout/corona_dirk/build/Eigen-prefix/src/Eigen-build/CMakeFiles/CMakeTmp

Run Build Command(s):/usr/bin/gmake -f Makefile cmTC_4e896/fast && gmake[3]: Entering directory '/home/apaaris/comp/project1_handout/corona_dirk/build/Eigen-prefix/src/Eigen-build/CMakeFiles/CMakeTmp'
/usr/bin/gmake  -f CMakeFiles/cmTC_4e896.dir/build.make CMakeFiles/cmTC_4e896.dir/build
gmake[4]: Entering directory '/home/apaaris/comp/project1_handout/corona_dirk/build/Eigen-prefix/src/Eigen-build/CMakeFiles/CMakeTmp'
Building CXX object CMakeFiles/cmTC_4e896.dir/src.cxx.o
/usr/bin/c++ -DCOMPILER_SUPPORT_Wlogicalop  -std=c++03 -pedantic -Wall -Wextra -Wundef -Wcast-align -Wchar-subscripts -Wnon-virtual-dtor -Wunused-local-typedefs -Wpointer-arith -Wwrite-strings -Wformat-security -Werror   -Wlogical-op -o CMakeFiles/cmTC_4e896.dir/src.cxx.o -c /home/apaaris/comp/project1_handout/corona_dirk/build/Eigen-prefix/src/Eigen-build/CMakeFiles/CMakeTmp/src.cxx
Linking CXX executable cmTC_4e896
/usr/bin/cmake -E cmake_link_script CMakeFiles/cmTC_4e896.dir/link.txt --verbose=1
/usr/bin/c++  -std=c++03 -pedantic -Wall -Wextra -Wundef -Wcast-align -Wchar-subscripts -Wnon-virtual-dtor -Wunused-local-typedefs -Wpointer-arith -Wwrite-strings -Wformat-security -Werror -rdynamic CMakeFiles/cmTC_4e896.dir/src.cxx.o -o cmTC_4e896 
gmake[4]: Leaving directory '/home/apaaris/comp/project1_handout/corona_dirk/build/Eigen-prefix/src/Eigen-build/CMakeFiles/CMakeTmp'
gmake[3]: Leaving directory '/home/apaaris/comp/project1_handout/corona_dirk/build/Eigen-prefix/src/Eigen-build/CMakeFiles/CMakeTmp'


Source file was:
int main() { return 0; }
Performing C++ SOURCE FILE Test COMPILER_SUPPORT_Wenumconversion succeeded with the following output:
Change Dir: /home/apaaris/comp/project1_handout/corona_dirk/build/Eigen-prefix/src/Eigen-build/CMakeFiles/CMakeTmp

Run Build Command(s):/usr/bin/gmake -f Makefile cmTC_612fa/fast && gmake[3]: Entering directory '/home/apaaris/comp/project1_handout/corona_dirk/build/Eigen-prefix/src/Eigen-build/CMakeFiles/CMakeTmp'
/usr/bin/gmake  -f CMakeFiles/cmTC_612fa.dir/build.make CMakeFiles/cmTC_612fa.dir/build
gmake[4]: Entering directory '/home/apaaris/comp/project1_handout/corona_dirk/build/Eigen-prefix/src/Eigen-build/CMakeFiles/CMakeTmp'
Building CXX object CMakeFiles/cmTC_612fa.dir/src.cxx.o
/usr/bin/c++ -DCOMPILER_SUPPORT_Wenumconversion  -std=c++03 -pedantic -Wall -Wextra -Wundef -Wcast-align -Wchar-subscripts -Wnon-virtual-dtor -Wunused-local-typedefs -Wpointer-arith -Wwrite-strings -Wformat-security -Wlogical-op -Werror   -Wenum-conversion -o CMakeFiles/cmTC_612fa.dir/src.cxx.o -c /home/apaaris/comp/project1_handout/corona_dirk/build/Eigen-prefix/src/Eigen-build/CMakeFiles/CMakeTmp/src.cxx
Linking CXX executable cmTC_612fa
/usr/bin/cmake -E cmake_link_script CMakeFiles/cmTC_612fa.dir/link.txt --verbose=1
/usr/bin/c++  -std=c++03 -pedantic -Wall -Wextra -Wundef -Wcast-align -Wchar-subscripts -Wnon-virtual-dtor -Wunused-local-typedefs -Wpointer-arith -Wwrite-strings -Wformat-security -Wlogical-op -Werror -rdynamic CMakeFiles/cmTC_612fa.dir/src.cxx.o -o cmTC_612fa 
gmake[4]: Leaving directory '/home/apaaris/comp/project1_handout/corona_dirk/build/Eigen-prefix/src/Eigen-build/CMakeFiles/CMakeTmp'
gmake[3]: Leaving directory '/home/apaaris/comp/project1_handout/corona_dirk/build/Eigen-prefix/src/Eigen-build/CMakeFiles/CMakeTmp'


Source file was:
int main() { return 0; }
Performing C++ SOURCE FILE Test COMPILER_SUPPORT_Wdoublepromotion succeeded with the following output:
Change Dir: /home/apaaris/comp/project1_handout/corona_dirk/build/Eigen-prefix/src/Eigen-build/CMakeFiles/CMakeTmp

Run Build Command(s):/usr/bin/gmake -f Makefile cmTC_761cd/fast && gmake[3]: Entering directory '/home/apaaris/comp/project1_handout/corona_dirk/build/Eigen-prefix/src/Eigen-build/CMakeFiles/CMakeTmp'
/usr/bin/gmake  -f CMakeFiles/cmTC_761cd.dir/build.make CMakeFiles/cmTC_761cd.dir/build
gmake[4]: Entering directory '/home/apaaris/comp/project1_handout/corona_dirk/build/Eigen-prefix/src/Eigen-build/CMakeFiles/CMakeTmp'
Building CXX object CMakeFiles/cmTC_761cd.dir/src.cxx.o
/usr/bin/c++ -DCOMPILER_SUPPORT_Wdoublepromotion  -std=c++03 -pedantic -Wall -Wextra -Wundef -Wcast-align -Wchar-subscripts -Wnon-virtual-dtor -Wunused-local-typedefs -Wpointer-arith -Wwrite-strings -Wformat-security -Wlogical-op -Wenum-conversion -Werror   -Wdouble-promotion -o CMakeFiles/cmTC_761cd.dir/src.cxx.o -c /home/apaaris/comp/project1_handout/corona_dirk/build/Eigen-prefix/src/Eigen-build/CMakeFiles/CMakeTmp/src.cxx
Linking CXX executable cmTC_761cd
/usr/bin/cmake -E cmake_link_script CMakeFiles/cmTC_761cd.dir/link.txt --verbose=1
/usr/bin/c++  -std=c++03 -pedantic -Wall -Wextra -Wundef -Wcast-align -Wchar-subscripts -Wnon-virtual-dtor -Wunused-local-typedefs -Wpointer-arith -Wwrite-strings -Wformat-security -Wlogical-op -Wenum-conversion -Werror -rdynamic CMakeFiles/cmTC_761cd.dir/src.cxx.o -o cmTC_761cd 
gmake[4]: Leaving directory '/home/apaaris/comp/project1_handout/corona_dirk/build/Eigen-prefix/src/Eigen-build/CMakeFiles/CMakeTmp'
gmake[3]: Leaving directory '/home/apaaris/comp/project1_handout/corona_dirk/build/Eigen-prefix/src/Eigen-build/CMakeFiles/CMakeTmp'


Source file was:
int main() { return 0; }
Performing C++ SOURCE FILE Test COMPILER_SUPPORT_Wnopsabi succeeded with the following output:
Change Dir: /home/apaaris/comp/project1_handout/corona_dirk/build/Eigen-prefix/src/Eigen-build/CMakeFiles/CMakeTmp

Run Build Command(s):/usr/bin/gmake -f Makefile cmTC_cd2a0/fast && gmake[3]: Entering directory '/home/apaaris/comp/project1_handout/corona_dirk/build/Eigen-prefix/src/Eigen-build/CMakeFiles/CMakeTmp'
/usr/bin/gmake  -f CMakeFiles/cmTC_cd2a0.dir/build.make CMakeFiles/cmTC_cd2a0.dir/build
gmake[4]: Entering directory '/home/apaaris/comp/project1_handout/corona_dirk/build/Eigen-prefix/src/Eigen-build/CMakeFiles/CMakeTmp'
Building CXX object CMakeFiles/cmTC_cd2a0.dir/src.cxx.o
/usr/bin/c++ -DCOMPILER_SUPPORT_Wnopsabi  -std=c++03 -pedantic -Wall -Wextra -Wundef -Wcast-align -Wchar-subscripts -Wnon-virtual-dtor -Wunused-local-typedefs -Wpointer-arith -Wwrite-strings -Wformat-security -Wlogical-op -Wenum-conversion -Wdouble-promotion -Werror   -Wno-psabi -o CMakeFiles/cmTC_cd2a0.dir/src.cxx.o -c /home/apaaris/comp/project1_handout/corona_dirk/build/Eigen-prefix/src/Eigen-build/CMakeFiles/CMakeTmp/src.cxx
Linking CXX executable cmTC_cd2a0
/usr/bin/cmake -E cmake_link_script CMakeFiles/cmTC_cd2a0.dir/link.txt --verbose=1
/usr/bin/c++  -std=c++03 -pedantic -Wall -Wextra -Wundef -Wcast-align -Wchar-subscripts -Wnon-virtual-dtor -Wunused-local-typedefs -Wpointer-arith -Wwrite-strings -Wformat-security -Wlogical-op -Wenum-conversion -Wdouble-promotion -Werror -rdynamic CMakeFiles/cmTC_cd2a0.dir/src.cxx.o -o cmTC_cd2a0 
gmake[4]: Leaving directory '/home/apaaris/comp/project1_handout/corona_dirk/build/Eigen-prefix/src/Eigen-build/CMakeFiles/CMakeTmp'
gmake[3]: Leaving directory '/home/apaaris/comp/project1_handout/corona_dirk/build/Eigen-prefix/src/Eigen-build/CMakeFiles/CMakeTmp'


Source file was:
int main() { return 0; }
Performing C++ SOURCE FILE Test COMPILER_SUPPORT_Wnovariadicmacros succeeded with the following output:
Change Dir: /home/apaaris/comp/project1_handout/corona_dirk/build/Eigen-prefix/src/Eigen-build/CMakeFiles/CMakeTmp

Run Build Command(s):/usr/bin/gmake -f Makefile cmTC_53d20/fast && gmake[3]: Entering directory '/home/apaaris/comp/project1_handout/corona_dirk/build/Eigen-prefix/src/Eigen-build/CMakeFiles/CMakeTmp'
/usr/bin/gmake  -f CMakeFiles/cmTC_53d20.dir/build.make CMakeFiles/cmTC_53d20.dir/build
gmake[4]: Entering directory '/home/apaaris/comp/project1_handout/corona_dirk/build/Eigen-prefix/src/Eigen-build/CMakeFiles/CMakeTmp'
Building CXX object CMakeFiles/cmTC_53d20.dir/src.cxx.o
/usr/bin/c++ -DCOMPILER_SUPPORT_Wnovariadicmacros  -std=c++03 -pedantic -Wall -Wextra -Wundef -Wcast-align -Wchar-subscripts -Wnon-virtual-dtor -Wunused-local-typedefs -Wpointer-arith -Wwrite-strings -Wformat-security -Wlogical-op -Wenum-conversion -Wdouble-promotion -Wno-psabi -Werror   -Wno-variadic-macros -o CMakeFiles/cmTC_53d20.dir/src.cxx.o -c /home/apaaris/comp/project1_handout/corona_dirk/build/Eigen-prefix/src/Eigen-build/CMakeFiles/CMakeTmp/src.cxx
Linking CXX executable cmTC_53d20
/usr/bin/cmake -E cmake_link_script CMakeFiles/cmTC_53d20.dir/link.txt --verbose=1
/usr/bin/c++  -std=c++03 -pedantic -Wall -Wextra -Wundef -Wcast-align -Wchar-subscripts -Wnon-virtual-dtor -Wunused-local-typedefs -Wpointer-arith -Wwrite-strings -Wformat-security -Wlogical-op -Wenum-conversion -Wdouble-promotion -Wno-psabi -Werror -rdynamic CMakeFiles/cmTC_53d20.dir/src.cxx.o -o cmTC_53d20 
gmake[4]: Leaving directory '/home/apaaris/comp/project1_handout/corona_dirk/build/Eigen-prefix/src/Eigen-build/CMakeFiles/CMakeTmp'
gmake[3]: Leaving directory '/home/apaaris/comp/project1_handout/corona_dirk/build/Eigen-prefix/src/Eigen-build/CMakeFiles/CMakeTmp'


Source file was:
int main() { return 0; }
Performing C++ SOURCE FILE Test COMPILER_SUPPORT_Wnolonglong succeeded with the following output:
Change Dir: /home/apaaris/comp/project1_handout/corona_dirk/build/Eigen-prefix/src/Eigen-build/CMakeFiles/CMakeTmp

Run Build Command(s):/usr/bin/gmake -f Makefile cmTC_28476/fast && gmake[3]: Entering directory '/home/apaaris/comp/project1_handout/corona_dirk/build/Eigen-prefix/src/Eigen-build/CMakeFiles/CMakeTmp'
/usr/bin/gmake  -f CMakeFiles/cmTC_28476.dir/build.make CMakeFiles/cmTC_28476.dir/build
gmake[4]: Entering directory '/home/apaaris/comp/project1_handout/corona_dirk/build/Eigen-prefix/src/Eigen-build/CMakeFiles/CMakeTmp'
Building CXX object CMakeFiles/cmTC_28476.dir/src.cxx.o
/usr/bin/c++ -DCOMPILER_SUPPORT_Wnolonglong  -std=c++03 -pedantic -Wall -Wextra -Wundef -Wcast-align -Wchar-subscripts -Wnon-virtual-dtor -Wunused-local-typedefs -Wpointer-arith -Wwrite-strings -Wformat-security -Wlogical-op -Wenum-conversion -Wdouble-promotion -Wno-psabi -Wno-variadic-macros -Werror   -Wno-long-long -o CMakeFiles/cmTC_28476.dir/src.cxx.o -c /home/apaaris/comp/project1_handout/corona_dirk/build/Eigen-prefix/src/Eigen-build/CMakeFiles/CMakeTmp/src.cxx
Linking CXX executable cmTC_28476
/usr/bin/cmake -E cmake_link_script CMakeFiles/cmTC_28476.dir/link.txt --verbose=1
/usr/bin/c++  -std=c++03 -pedantic -Wall -Wextra -Wundef -Wcast-align -Wchar-subscripts -Wnon-virtual-dtor -Wunused-local-typedefs -Wpointer-arith -Wwrite-strings -Wformat-security -Wlogical-op -Wenum-conversion -Wdouble-promotion -Wno-psabi -Wno-variadic-macros -Werror -rdynamic CMakeFiles/cmTC_28476.dir/src.cxx.o -o cmTC_28476 
gmake[4]: Leaving directory '/home/apaaris/comp/project1_handout/corona_dirk/build/Eigen-prefix/src/Eigen-build/CMakeFiles/CMakeTmp'
gmake[3]: Leaving directory '/home/apaaris/comp/project1_handout/corona_dirk/build/Eigen-prefix/src/Eigen-build/CMakeFiles/CMakeTmp'


Source file was:
int main() { return 0; }
Performing C++ SOURCE FILE Test COMPILER_SUPPORT_fnochecknew succeeded with the following output:
Change Dir: /home/apaaris/comp/project1_handout/corona_dirk/build/Eigen-prefix/src/Eigen-build/CMakeFiles/CMakeTmp

Run Build Command(s):/usr/bin/gmake -f Makefile cmTC_39ef4/fast && gmake[3]: Entering directory '/home/apaaris/comp/project1_handout/corona_dirk/build/Eigen-prefix/src/Eigen-build/CMakeFiles/CMakeTmp'
/usr/bin/gmake  -f CMakeFiles/cmTC_39ef4.dir/build.make CMakeFiles/cmTC_39ef4.dir/build
gmake[4]: Entering directory '/home/apaaris/comp/project1_handout/corona_dirk/build/Eigen-prefix/src/Eigen-build/CMakeFiles/CMakeTmp'
Building CXX object CMakeFiles/cmTC_39ef4.dir/src.cxx.o
/usr/bin/c++ -DCOMPILER_SUPPORT_fnochecknew  -std=c++03 -pedantic -Wall -Wextra -Wundef -Wcast-align -Wchar-subscripts -Wnon-virtual-dtor -Wunused-local-typedefs -Wpointer-arith -Wwrite-strings -Wformat-security -Wlogical-op -Wenum-conversion -Wdouble-promotion -Wno-psabi -Wno-variadic-macros -Wno-long-long -Werror   -fno-check-new -o CMakeFiles/cmTC_39ef4.dir/src.cxx.o -c /home/apaaris/comp/project1_handout/corona_dirk/build/Eigen-prefix/src/Eigen-build/CMakeFiles/CMakeTmp/src.cxx
Linking CXX executable cmTC_39ef4
/usr/bin/cmake -E cmake_link_script CMakeFiles/cmTC_39ef4.dir/link.txt --verbose=1
/usr/bin/c++  -std=c++03 -pedantic -Wall -Wextra -Wundef -Wcast-align -Wchar-subscripts -Wnon-virtual-dtor -Wunused-local-typedefs -Wpointer-arith -Wwrite-strings -Wformat-security -Wlogical-op -Wenum-conversion -Wdouble-promotion -Wno-psabi -Wno-variadic-macros -Wno-long-long -Werror -rdynamic CMakeFiles/cmTC_39ef4.dir/src.cxx.o -o cmTC_39ef4 
gmake[4]: Leaving directory '/home/apaaris/comp/project1_handout/corona_dirk/build/Eigen-prefix/src/Eigen-build/CMakeFiles/CMakeTmp'
gmake[3]: Leaving directory '/home/apaaris/comp/project1_handout/corona_dirk/build/Eigen-prefix/src/Eigen-build/CMakeFiles/CMakeTmp'


Source file was:
int main() { return 0; }
Performing C++ SOURCE FILE Test COMPILER_SUPPORT_fnocommon succeeded with the following output:
Change Dir: /home/apaaris/comp/project1_handout/corona_dirk/build/Eigen-prefix/src/Eigen-build/CMakeFiles/CMakeTmp

Run Build Command(s):/usr/bin/gmake -f Makefile cmTC_e8c0a/fast && gmake[3]: Entering directory '/home/apaaris/comp/project1_handout/corona_dirk/build/Eigen-prefix/src/Eigen-build/CMakeFiles/CMakeTmp'
/usr/bin/gmake  -f CMakeFiles/cmTC_e8c0a.dir/build.make CMakeFiles/cmTC_e8c0a.dir/build
gmake[4]: Entering directory '/home/apaaris/comp/project1_handout/corona_dirk/build/Eigen-prefix/src/Eigen-build/CMakeFiles/CMakeTmp'
Building CXX object CMakeFiles/cmTC_e8c0a.dir/src.cxx.o
/usr/bin/c++ -DCOMPILER_SUPPORT_fnocommon  -std=c++03 -pedantic -Wall -Wextra -Wundef -Wcast-align -Wchar-subscripts -Wnon-virtual-dtor -Wunused-local-typedefs -Wpointer-arith -Wwrite-strings -Wformat-security -Wlogical-op -Wenum-conversion -Wdouble-promotion -Wno-psabi -Wno-variadic-macros -Wno-long-long -fno-check-new -Werror   -fno-common -o CMakeFiles/cmTC_e8c0a.dir/src.cxx.o -c /home/apaaris/comp/project1_handout/corona_dirk/build/Eigen-prefix/src/Eigen-build/CMakeFiles/CMakeTmp/src.cxx
Linking CXX executable cmTC_e8c0a
/usr/bin/cmake -E cmake_link_script CMakeFiles/cmTC_e8c0a.dir/link.txt --verbose=1
/usr/bin/c++  -std=c++03 -pedantic -Wall -Wextra -Wundef -Wcast-align -Wchar-subscripts -Wnon-virtual-dtor -Wunused-local-typedefs -Wpointer-arith -Wwrite-strings -Wformat-security -Wlogical-op -Wenum-conversion -Wdouble-promotion -Wno-psabi -Wno-variadic-macros -Wno-long-long -fno-check-new -Werror -rdynamic CMakeFiles/cmTC_e8c0a.dir/src.cxx.o -o cmTC_e8c0a 
gmake[4]: Leaving directory '/home/apaaris/comp/project1_handout/corona_dirk/build/Eigen-prefix/src/Eigen-build/CMakeFiles/CMakeTmp'
gmake[3]: Leaving directory '/home/apaaris/comp/project1_handout/corona_dirk/build/Eigen-prefix/src/Eigen-build/CMakeFiles/CMakeTmp'


Source file was:
int main() { return 0; }
Performing C++ SOURCE FILE Test COMPILER_SUPPORT_fstrictaliasing succeeded with the following output:
Change Dir: /home/apaaris/comp/project1_handout/corona_dirk/build/Eigen-prefix/src/Eigen-build/CMakeFiles/CMakeTmp

Run Build Command(s):/usr/bin/gmake -f Makefile cmTC_59a09/fast && gmake[3]: Entering directory '/home/apaaris/comp/project1_handout/corona_dirk/build/Eigen-prefix/src/Eigen-build/CMakeFiles/CMakeTmp'
/usr/bin/gmake  -f CMakeFiles/cmTC_59a09.dir/build.make CMakeFiles/cmTC_59a09.dir/build
gmake[4]: Entering directory '/home/apaaris/comp/project1_handout/corona_dirk/build/Eigen-prefix/src/Eigen-build/CMakeFiles/CMakeTmp'
Building CXX object CMakeFiles/cmTC_59a09.dir/src.cxx.o
/usr/bin/c++ -DCOMPILER_SUPPORT_fstrictaliasing  -std=c++03 -pedantic -Wall -Wextra -Wundef -Wcast-align -Wchar-subscripts -Wnon-virtual-dtor -Wunused-local-typedefs -Wpointer-arith -Wwrite-strings -Wformat-security -Wlogical-op -Wenum-conversion -Wdouble-promotion -Wno-psabi -Wno-variadic-macros -Wno-long-long -fno-check-new -fno-common -Werror   -fstrict-aliasing -o CMakeFiles/cmTC_59a09.dir/src.cxx.o -c /home/apaaris/comp/project1_handout/corona_dirk/build/Eigen-prefix/src/Eigen-build/CMakeFiles/CMakeTmp/src.cxx
Linking CXX executable cmTC_59a09
/usr/bin/cmake -E cmake_link_script CMakeFiles/cmTC_59a09.dir/link.txt --verbose=1
/usr/bin/c++  -std=c++03 -pedantic -Wall -Wextra -Wundef -Wcast-align -Wchar-subscripts -Wnon-virtual-dtor -Wunused-local-typedefs -Wpointer-arith -Wwrite-strings -Wformat-security -Wlogical-op -Wenum-conversion -Wdouble-promotion -Wno-psabi -Wno-variadic-macros -Wno-long-long -fno-check-new -fno-common -Werror -rdynamic CMakeFiles/cmTC_59a09.dir/src.cxx.o -o cmTC_59a09 
gmake[4]: Leaving directory '/home/apaaris/comp/project1_handout/corona_dirk/build/Eigen-prefix/src/Eigen-build/CMakeFiles/CMakeTmp'
gmake[3]: Leaving directory '/home/apaaris/comp/project1_handout/corona_dirk/build/Eigen-prefix/src/Eigen-build/CMakeFiles/CMakeTmp'


Source file was:
int main() { return 0; }
Performing C++ SOURCE FILE Test COMPILER_SUPPORT_ansi succeeded with the following output:
Change Dir: /home/apaaris/comp/project1_handout/corona_dirk/build/Eigen-prefix/src/Eigen-build/CMakeFiles/CMakeTmp

Run Build Command(s):/usr/bin/gmake -f Makefile cmTC_ce0b3/fast && gmake[3]: Entering directory '/home/apaaris/comp/project1_handout/corona_dirk/build/Eigen-prefix/src/Eigen-build/CMakeFiles/CMakeTmp'
/usr/bin/gmake  -f CMakeFiles/cmTC_ce0b3.dir/build.make CMakeFiles/cmTC_ce0b3.dir/build
gmake[4]: Entering directory '/home/apaaris/comp/project1_handout/corona_dirk/build/Eigen-prefix/src/Eigen-build/CMakeFiles/CMakeTmp'
Building CXX object CMakeFiles/cmTC_ce0b3.dir/src.cxx.o
/usr/bin/c++ -DCOMPILER_SUPPORT_ansi  -std=c++03 -pedantic -Wall -Wextra -Wundef -Wcast-align -Wchar-subscripts -Wnon-virtual-dtor -Wunused-local-typedefs -Wpointer-arith -Wwrite-strings -Wformat-security -Wlogical-op -Wenum-conversion -Wdouble-promotion -Wno-psabi -Wno-variadic-macros -Wno-long-long -fno-check-new -fno-common -fstrict-aliasing -Werror   -ansi -o CMakeFiles/cmTC_ce0b3.dir/src.cxx.o -c /home/apaaris/comp/project1_handout/corona_dirk/build/Eigen-prefix/src/Eigen-build/CMakeFiles/CMakeTmp/src.cxx
Linking CXX executable cmTC_ce0b3
/usr/bin/cmake -E cmake_link_script CMakeFiles/cmTC_ce0b3.dir/link.txt --verbose=1
/usr/bin/c++  -std=c++03 -pedantic -Wall -Wextra -Wundef -Wcast-align -Wchar-subscripts -Wnon-virtual-dtor -Wunused-local-typedefs -Wpointer-arith -Wwrite-strings -Wformat-security -Wlogical-op -Wenum-conversion -Wdouble-promotion -Wno-psabi -Wno-variadic-macros -Wno-long-long -fno-check-new -fno-common -fstrict-aliasing -Werror -rdynamic CMakeFiles/cmTC_ce0b3.dir/src.cxx.o -o cmTC_ce0b3 
gmake[4]: Leaving directory '/home/apaaris/comp/project1_handout/corona_dirk/build/Eigen-prefix/src/Eigen-build/CMakeFiles/CMakeTmp'
gmake[3]: Leaving directory '/home/apaaris/comp/project1_handout/corona_dirk/build/Eigen-prefix/src/Eigen-build/CMakeFiles/CMakeTmp'


Source file was:
int main() { return 0; }
Performing C++ SOURCE FILE Test COMPILER_SUPPORT_OPENMP succeeded with the following output:
Change Dir: /home/apaaris/comp/project1_handout/corona_dirk/build/Eigen-prefix/src/Eigen-build/CMakeFiles/CMakeTmp

Run Build Command(s):/usr/bin/gmake -f Makefile cmTC_3e5e5/fast && gmake[3]: Entering directory '/home/apaaris/comp/project1_handout/corona_dirk/build/Eigen-prefix/src/Eigen-build/CMakeFiles/CMakeTmp'
/usr/bin/gmake  -f CMakeFiles/cmTC_3e5e5.dir/build.make CMakeFiles/cmTC_3e5e5.dir/build
gmake[4]: Entering directory '/home/apaaris/comp/project1_handout/corona_dirk/build/Eigen-prefix/src/Eigen-build/CMakeFiles/CMakeTmp'
Building CXX object CMakeFiles/cmTC_3e5e5.dir/src.cxx.o
/usr/bin/c++ -DCOMPILER_SUPPORT_OPENMP  -std=c++03 -pedantic -Wall -Wextra -Wundef -Wcast-align -Wchar-subscripts -Wnon-virtual-dtor -Wunused-local-typedefs -Wpointer-arith -Wwrite-strings -Wformat-security -Wlogical-op -Wenum-conversion -Wdouble-promotion -Wno-psabi -Wno-variadic-macros -Wno-long-long -fno-check-new -fno-common -fstrict-aliasing -ansi    -fopenmp -o CMakeFiles/cmTC_3e5e5.dir/src.cxx.o -c /home/apaaris/comp/project1_handout/corona_dirk/build/Eigen-prefix/src/Eigen-build/CMakeFiles/CMakeTmp/src.cxx
Linking CXX executable cmTC_3e5e5
/usr/bin/cmake -E cmake_link_script CMakeFiles/cmTC_3e5e5.dir/link.txt --verbose=1
/usr/bin/c++  -std=c++03 -pedantic -Wall -Wextra -Wundef -Wcast-align -Wchar-subscripts -Wnon-virtual-dtor -Wunused-local-typedefs -Wpointer-arith -Wwrite-strings -Wformat-security -Wlogical-op -Wenum-conversion -Wdouble-promotion -Wno-psabi -Wno-variadic-macros -Wno-long-long -fno-check-new -fno-common -fstrict-aliasing -ansi  -rdynamic CMakeFiles/cmTC_3e5e5.dir/src.cxx.o -o cmTC_3e5e5 
gmake[4]: Leaving directory '/home/apaaris/comp/project1_handout/corona_dirk/build/Eigen-prefix/src/Eigen-build/CMakeFiles/CMakeTmp'
gmake[3]: Leaving directory '/home/apaaris/comp/project1_handout/corona_dirk/build/Eigen-prefix/src/Eigen-build/CMakeFiles/CMakeTmp'


Source file was:
int main() { return 0; }
Determining if the include file pthread.h exists passed with the following output:
Change Dir: /home/apaaris/comp/project1_handout/corona_dirk/build/Eigen-prefix/src/Eigen-build/CMakeFiles/CMakeTmp

Run Build Command(s):/usr/bin/gmake -f Makefile cmTC_b3842/fast && gmake[3]: Entering directory '/home/apaaris/comp/project1_handout/corona_dirk/build/Eigen-prefix/src/Eigen-build/CMakeFiles/CMakeTmp'
/usr/bin/gmake  -f CMakeFiles/cmTC_b3842.dir/build.make CMakeFiles/cmTC_b3842.dir/build
gmake[4]: Entering directory '/home/apaaris/comp/project1_handout/corona_dirk/build/Eigen-prefix/src/Eigen-build/CMakeFiles/CMakeTmp'
Building C object CMakeFiles/cmTC_b3842.dir/CheckIncludeFile.c.o
/usr/bin/cc    -o CMakeFiles/cmTC_b3842.dir/CheckIncludeFile.c.o -c /home/apaaris/comp/project1_handout/corona_dirk/build/Eigen-prefix/src/Eigen-build/CMakeFiles/CMakeTmp/CheckIncludeFile.c
Linking C executable cmTC_b3842
/usr/bin/cmake -E cmake_link_script CMakeFiles/cmTC_b3842.dir/link.txt --verbose=1
/usr/bin/cc -rdynamic CMakeFiles/cmTC_b3842.dir/CheckIncludeFile.c.o -o cmTC_b3842 
gmake[4]: Leaving directory '/home/apaaris/comp/project1_handout/corona_dirk/build/Eigen-prefix/src/Eigen-build/CMakeFiles/CMakeTmp'
gmake[3]: Leaving directory '/home/apaaris/comp/project1_handout/corona_dirk/build/Eigen-prefix/src/Eigen-build/CMakeFiles/CMakeTmp'



Determining if the function pthread_create exists in the pthread passed with the following output:
Change Dir: /home/apaaris/comp/project1_handout/corona_dirk/build/Eigen-prefix/src/Eigen-build/CMakeFiles/CMakeTmp

Run Build Command(s):/usr/bin/gmake -f Makefile cmTC_1c66b/fast && gmake[3]: Entering directory '/home/apaaris/comp/project1_handout/corona_dirk/build/Eigen-prefix/src/Eigen-build/CMakeFiles/CMakeTmp'
/usr/bin/gmake  -f CMakeFiles/cmTC_1c66b.dir/build.make CMakeFiles/cmTC_1c66b.dir/build
gmake[4]: Entering directory '/home/apaaris/comp/project1_handout/corona_dirk/build/Eigen-prefix/src/Eigen-build/CMakeFiles/CMakeTmp'
Building C object CMakeFiles/cmTC_1c66b.dir/CheckFunctionExists.c.o
/usr/bin/cc   -DCHECK_FUNCTION_EXISTS=pthread_create -o CMakeFiles/cmTC_1c66b.dir/CheckFunctionExists.c.o -c /usr/share/cmake/Modules/CheckFunctionExists.c
Linking C executable cmTC_1c66b
/usr/bin/cmake -E cmake_link_script CMakeFiles/cmTC_1c66b.dir/link.txt --verbose=1
/usr/bin/cc  -DCHECK_FUNCTION_EXISTS=pthread_create -rdynamic CMakeFiles/cmTC_1c66b.dir/CheckFunctionExists.c.o -o cmTC_1c66b  -lpthread 
gmake[4]: Leaving directory '/home/apaaris/comp/project1_handout/corona_dirk/build/Eigen-prefix/src/Eigen-build/CMakeFiles/CMakeTmp'
gmake[3]: Leaving directory '/home/apaaris/comp/project1_handout/corona_dirk/build/Eigen-prefix/src/Eigen-build/CMakeFiles/CMakeTmp'



Performing C++ SOURCE FILE Test COMPILER_SUPPORT_FASTMATH succeeded with the following output:
Change Dir: /home/apaaris/comp/project1_handout/corona_dirk/build/Eigen-prefix/src/Eigen-build/CMakeFiles/CMakeTmp

Run Build Command(s):/usr/bin/gmake -f Makefile cmTC_77060/fast && gmake[3]: Entering directory '/home/apaaris/comp/project1_handout/corona_dirk/build/Eigen-prefix/src/Eigen-build/CMakeFiles/CMakeTmp'
/usr/bin/gmake  -f CMakeFiles/cmTC_77060.dir/build.make CMakeFiles/cmTC_77060.dir/build
gmake[4]: Entering directory '/home/apaaris/comp/project1_handout/corona_dirk/build/Eigen-prefix/src/Eigen-build/CMakeFiles/CMakeTmp'
Building CXX object CMakeFiles/cmTC_77060.dir/src.cxx.o
/usr/bin/c++ -DCOMPILER_SUPPORT_FASTMATH  -std=c++03 -pedantic -Wall -Wextra -Wundef -Wcast-align -Wchar-subscripts -Wnon-virtual-dtor -Wunused-local-typedefs -Wpointer-arith -Wwrite-strings -Wformat-security -Wlogical-op -Wenum-conversion -Wdouble-promotion -Wno-psabi -Wno-variadic-macros -Wno-long-long -fno-check-new -fno-common -fstrict-aliasing -ansi    -ffast-math -o CMakeFiles/cmTC_77060.dir/src.cxx.o -c /home/apaaris/comp/project1_handout/corona_dirk/build/Eigen-prefix/src/Eigen-build/CMakeFiles/CMakeTmp/src.cxx
Linking CXX executable cmTC_77060
/usr/bin/cmake -E cmake_link_script CMakeFiles/cmTC_77060.dir/link.txt --verbose=1
/usr/bin/c++  -std=c++03 -pedantic -Wall -Wextra -Wundef -Wcast-align -Wchar-subscripts -Wnon-virtual-dtor -Wunused-local-typedefs -Wpointer-arith -Wwrite-strings -Wformat-security -Wlogical-op -Wenum-conversion -Wdouble-promotion -Wno-psabi -Wno-variadic-macros -Wno-long-long -fno-check-new -fno-common -fstrict-aliasing -ansi  -rdynamic CMakeFiles/cmTC_77060.dir/src.cxx.o -o cmTC_77060 
gmake[4]: Leaving directory '/home/apaaris/comp/project1_handout/corona_dirk/build/Eigen-prefix/src/Eigen-build/CMakeFiles/CMakeTmp'
gmake[3]: Leaving directory '/home/apaaris/comp/project1_handout/corona_dirk/build/Eigen-prefix/src/Eigen-build/CMakeFiles/CMakeTmp'


Source file was:
int main() { return 0; }
