Performing C++ SOURCE FILE Test COMPILER_SUPPORT_Wshorten64to32 failed with the following output:
Change Dir: /home/apaaris/comp/project1_handout/heun_timestep/build/Eigen-prefix/src/Eigen-build/CMakeFiles/CMakeTmp

Run Build Command(s):/usr/bin/gmake -f Makefile cmTC_433da/fast && gmake[3]: Entering directory '/home/apaaris/comp/project1_handout/heun_timestep/build/Eigen-prefix/src/Eigen-build/CMakeFiles/CMakeTmp'
/usr/bin/gmake  -f CMakeFiles/cmTC_433da.dir/build.make CMakeFiles/cmTC_433da.dir/build
gmake[4]: Entering directory '/home/apaaris/comp/project1_handout/heun_timestep/build/Eigen-prefix/src/Eigen-build/CMakeFiles/CMakeTmp'
Building CXX object CMakeFiles/cmTC_433da.dir/src.cxx.o
/usr/bin/c++ -DCOMPILER_SUPPORT_Wshorten64to32  -std=c++03 -pedantic -Wall -Wextra -Wundef -Wcast-align -Wchar-subscripts -Wnon-virtual-dtor -Wunused-local-typedefs -Wpointer-arith -Wwrite-strings -Wformat-security -Werror   -Wshorten-64-to-32 -o CMakeFiles/cmTC_433da.dir/src.cxx.o -c /home/apaaris/comp/project1_handout/heun_timestep/build/Eigen-prefix/src/Eigen-build/CMakeFiles/CMakeTmp/src.cxx
c++: error: unrecognized command-line option '-Wshorten-64-to-32'
gmake[4]: *** [CMakeFiles/cmTC_433da.dir/build.make:78: CMakeFiles/cmTC_433da.dir/src.cxx.o] Error 1
gmake[4]: Leaving directory '/home/apaaris/comp/project1_handout/heun_timestep/build/Eigen-prefix/src/Eigen-build/CMakeFiles/CMakeTmp'
gmake[3]: *** [Makefile:127: cmTC_433da/fast] Error 2
gmake[3]: Leaving directory '/home/apaaris/comp/project1_handout/heun_timestep/build/Eigen-prefix/src/Eigen-build/CMakeFiles/CMakeTmp'


Source file was:
int main() { return 0; }
Performing C++ SOURCE FILE Test COMPILER_SUPPORT_Wcpp11extensions failed with the following output:
Change Dir: /home/apaaris/comp/project1_handout/heun_timestep/build/Eigen-prefix/src/Eigen-build/CMakeFiles/CMakeTmp

Run Build Command(s):/usr/bin/gmake -f Makefile cmTC_da3df/fast && gmake[3]: Entering directory '/home/apaaris/comp/project1_handout/heun_timestep/build/Eigen-prefix/src/Eigen-build/CMakeFiles/CMakeTmp'
/usr/bin/gmake  -f CMakeFiles/cmTC_da3df.dir/build.make CMakeFiles/cmTC_da3df.dir/build
gmake[4]: Entering directory '/home/apaaris/comp/project1_handout/heun_timestep/build/Eigen-prefix/src/Eigen-build/CMakeFiles/CMakeTmp'
Building CXX object CMakeFiles/cmTC_da3df.dir/src.cxx.o
/usr/bin/c++ -DCOMPILER_SUPPORT_Wcpp11extensions  -std=c++03 -pedantic -Wall -Wextra -Wundef -Wcast-align -Wchar-subscripts -Wnon-virtual-dtor -Wunused-local-typedefs -Wpointer-arith -Wwrite-strings -Wformat-security -Wlogical-op -Wenum-conversion -Werror   -Wc++11-extensions -o CMakeFiles/cmTC_da3df.dir/src.cxx.o -c /home/apaaris/comp/project1_handout/heun_timestep/build/Eigen-prefix/src/Eigen-build/CMakeFiles/CMakeTmp/src.cxx
c++: error: unrecognized command-line option '-Wc++11-extensions'; did you mean '-fms-extensions'?
gmake[4]: *** [CMakeFiles/cmTC_da3df.dir/build.make:78: CMakeFiles/cmTC_da3df.dir/src.cxx.o] Error 1
gmake[4]: Leaving directory '/home/apaaris/comp/project1_handout/heun_timestep/build/Eigen-prefix/src/Eigen-build/CMakeFiles/CMakeTmp'
gmake[3]: *** [Makefile:127: cmTC_da3df/fast] Error 2
gmake[3]: Leaving directory '/home/apaaris/comp/project1_handout/heun_timestep/build/Eigen-prefix/src/Eigen-build/CMakeFiles/CMakeTmp'


Source file was:
int main() { return 0; }
Performing C++ SOURCE FILE Test COMPILER_SUPPORT_wd981 failed with the following output:
Change Dir: /home/apaaris/comp/project1_handout/heun_timestep/build/Eigen-prefix/src/Eigen-build/CMakeFiles/CMakeTmp

Run Build Command(s):/usr/bin/gmake -f Makefile cmTC_74efa/fast && gmake[3]: Entering directory '/home/apaaris/comp/project1_handout/heun_timestep/build/Eigen-prefix/src/Eigen-build/CMakeFiles/CMakeTmp'
/usr/bin/gmake  -f CMakeFiles/cmTC_74efa.dir/build.make CMakeFiles/cmTC_74efa.dir/build
gmake[4]: Entering directory '/home/apaaris/comp/project1_handout/heun_timestep/build/Eigen-prefix/src/Eigen-build/CMakeFiles/CMakeTmp'
Building CXX object CMakeFiles/cmTC_74efa.dir/src.cxx.o
/usr/bin/c++ -DCOMPILER_SUPPORT_wd981  -std=c++03 -pedantic -Wall -Wextra -Wundef -Wcast-align -Wchar-subscripts -Wnon-virtual-dtor -Wunused-local-typedefs -Wpointer-arith -Wwrite-strings -Wformat-security -Wlogical-op -Wenum-conversion -Wdouble-promotion -Wno-psabi -Wno-variadic-macros -Wno-long-long -fno-check-new -fno-common -fstrict-aliasing -Werror   -wd981 -o CMakeFiles/cmTC_74efa.dir/src.cxx.o -c /home/apaaris/comp/project1_handout/heun_timestep/build/Eigen-prefix/src/Eigen-build/CMakeFiles/CMakeTmp/src.cxx
c++: error: unrecognized command-line option '-wd981'
gmake[4]: *** [CMakeFiles/cmTC_74efa.dir/build.make:78: CMakeFiles/cmTC_74efa.dir/src.cxx.o] Error 1
gmake[4]: Leaving directory '/home/apaaris/comp/project1_handout/heun_timestep/build/Eigen-prefix/src/Eigen-build/CMakeFiles/CMakeTmp'
gmake[3]: *** [Makefile:127: cmTC_74efa/fast] Error 2
gmake[3]: Leaving directory '/home/apaaris/comp/project1_handout/heun_timestep/build/Eigen-prefix/src/Eigen-build/CMakeFiles/CMakeTmp'


Source file was:
int main() { return 0; }
Performing C++ SOURCE FILE Test COMPILER_SUPPORT_wd2304 failed with the following output:
Change Dir: /home/apaaris/comp/project1_handout/heun_timestep/build/Eigen-prefix/src/Eigen-build/CMakeFiles/CMakeTmp

Run Build Command(s):/usr/bin/gmake -f Makefile cmTC_ca5d6/fast && gmake[3]: Entering directory '/home/apaaris/comp/project1_handout/heun_timestep/build/Eigen-prefix/src/Eigen-build/CMakeFiles/CMakeTmp'
/usr/bin/gmake  -f CMakeFiles/cmTC_ca5d6.dir/build.make CMakeFiles/cmTC_ca5d6.dir/build
gmake[4]: Entering directory '/home/apaaris/comp/project1_handout/heun_timestep/build/Eigen-prefix/src/Eigen-build/CMakeFiles/CMakeTmp'
Building CXX object CMakeFiles/cmTC_ca5d6.dir/src.cxx.o
/usr/bin/c++ -DCOMPILER_SUPPORT_wd2304  -std=c++03 -pedantic -Wall -Wextra -Wundef -Wcast-align -Wchar-subscripts -Wnon-virtual-dtor -Wunused-local-typedefs -Wpointer-arith -Wwrite-strings -Wformat-security -Wlogical-op -Wenum-conversion -Wdouble-promotion -Wno-psabi -Wno-variadic-macros -Wno-long-long -fno-check-new -fno-common -fstrict-aliasing -Werror   -wd2304 -o CMakeFiles/cmTC_ca5d6.dir/src.cxx.o -c /home/apaaris/comp/project1_handout/heun_timestep/build/Eigen-prefix/src/Eigen-build/CMakeFiles/CMakeTmp/src.cxx
c++: error: unrecognized command-line option '-wd2304'
gmake[4]: *** [CMakeFiles/cmTC_ca5d6.dir/build.make:78: CMakeFiles/cmTC_ca5d6.dir/src.cxx.o] Error 1
gmake[4]: Leaving directory '/home/apaaris/comp/project1_handout/heun_timestep/build/Eigen-prefix/src/Eigen-build/CMakeFiles/CMakeTmp'
gmake[3]: *** [Makefile:127: cmTC_ca5d6/fast] Error 2
gmake[3]: Leaving directory '/home/apaaris/comp/project1_handout/heun_timestep/build/Eigen-prefix/src/Eigen-build/CMakeFiles/CMakeTmp'


Source file was:
int main() { return 0; }
Performing C++ SOURCE FILE Test COMPILER_SUPPORT_STRICTANSI failed with the following output:
Change Dir: /home/apaaris/comp/project1_handout/heun_timestep/build/Eigen-prefix/src/Eigen-build/CMakeFiles/CMakeTmp

Run Build Command(s):/usr/bin/gmake -f Makefile cmTC_1ab34/fast && gmake[3]: Entering directory '/home/apaaris/comp/project1_handout/heun_timestep/build/Eigen-prefix/src/Eigen-build/CMakeFiles/CMakeTmp'
/usr/bin/gmake  -f CMakeFiles/cmTC_1ab34.dir/build.make CMakeFiles/cmTC_1ab34.dir/build
gmake[4]: Entering directory '/home/apaaris/comp/project1_handout/heun_timestep/build/Eigen-prefix/src/Eigen-build/CMakeFiles/CMakeTmp'
Building CXX object CMakeFiles/cmTC_1ab34.dir/src.cxx.o
/usr/bin/c++ -DCOMPILER_SUPPORT_STRICTANSI  -std=c++03 -pedantic -Wall -Wextra -Wundef -Wcast-align -Wchar-subscripts -Wnon-virtual-dtor -Wunused-local-typedefs -Wpointer-arith -Wwrite-strings -Wformat-security -Wlogical-op -Wenum-conversion -Wdouble-promotion -Wno-psabi -Wno-variadic-macros -Wno-long-long -fno-check-new -fno-common -fstrict-aliasing -Werror   -strict-ansi -o CMakeFiles/cmTC_1ab34.dir/src.cxx.o -c /home/apaaris/comp/project1_handout/heun_timestep/build/Eigen-prefix/src/Eigen-build/CMakeFiles/CMakeTmp/src.cxx
c++: error: unrecognized command-line option '-strict-ansi'; did you mean '-fstrict-enums'?
gmake[4]: *** [CMakeFiles/cmTC_1ab34.dir/build.make:78: CMakeFiles/cmTC_1ab34.dir/src.cxx.o] Error 1
gmake[4]: Leaving directory '/home/apaaris/comp/project1_handout/heun_timestep/build/Eigen-prefix/src/Eigen-build/CMakeFiles/CMakeTmp'
gmake[3]: *** [Makefile:127: cmTC_1ab34/fast] Error 2
gmake[3]: Leaving directory '/home/apaaris/comp/project1_handout/heun_timestep/build/Eigen-prefix/src/Eigen-build/CMakeFiles/CMakeTmp'


Source file was:
int main() { return 0; }
Performing C++ SOURCE FILE Test COMPILER_SUPPORT_Qunusedarguments failed with the following output:
Change Dir: /home/apaaris/comp/project1_handout/heun_timestep/build/Eigen-prefix/src/Eigen-build/CMakeFiles/CMakeTmp

Run Build Command(s):/usr/bin/gmake -f Makefile cmTC_d62eb/fast && gmake[3]: Entering directory '/home/apaaris/comp/project1_handout/heun_timestep/build/Eigen-prefix/src/Eigen-build/CMakeFiles/CMakeTmp'
/usr/bin/gmake  -f CMakeFiles/cmTC_d62eb.dir/build.make CMakeFiles/cmTC_d62eb.dir/build
gmake[4]: Entering directory '/home/apaaris/comp/project1_handout/heun_timestep/build/Eigen-prefix/src/Eigen-build/CMakeFiles/CMakeTmp'
Building CXX object CMakeFiles/cmTC_d62eb.dir/src.cxx.o
/usr/bin/c++ -DCOMPILER_SUPPORT_Qunusedarguments  -std=c++03 -pedantic -Wall -Wextra -Wundef -Wcast-align -Wchar-subscripts -Wnon-virtual-dtor -Wunused-local-typedefs -Wpointer-arith -Wwrite-strings -Wformat-security -Wlogical-op -Wenum-conversion -Wdouble-promotion -Wno-psabi -Wno-variadic-macros -Wno-long-long -fno-check-new -fno-common -fstrict-aliasing -Werror   -Qunused-arguments -o CMakeFiles/cmTC_d62eb.dir/src.cxx.o -c /home/apaaris/comp/project1_handout/heun_timestep/build/Eigen-prefix/src/Eigen-build/CMakeFiles/CMakeTmp/src.cxx
c++: error: unrecognized command-line option '-Qunused-arguments'
gmake[4]: *** [CMakeFiles/cmTC_d62eb.dir/build.make:78: CMakeFiles/cmTC_d62eb.dir/src.cxx.o] Error 1
gmake[4]: Leaving directory '/home/apaaris/comp/project1_handout/heun_timestep/build/Eigen-prefix/src/Eigen-build/CMakeFiles/CMakeTmp'
gmake[3]: *** [Makefile:127: cmTC_d62eb/fast] Error 2
gmake[3]: Leaving directory '/home/apaaris/comp/project1_handout/heun_timestep/build/Eigen-prefix/src/Eigen-build/CMakeFiles/CMakeTmp'


Source file was:
int main() { return 0; }
Performing C SOURCE FILE Test CMAKE_HAVE_LIBC_PTHREAD failed with the following output:
Change Dir: /home/apaaris/comp/project1_handout/heun_timestep/build/Eigen-prefix/src/Eigen-build/CMakeFiles/CMakeTmp

Run Build Command(s):/usr/bin/gmake -f Makefile cmTC_32874/fast && gmake[3]: Entering directory '/home/apaaris/comp/project1_handout/heun_timestep/build/Eigen-prefix/src/Eigen-build/CMakeFiles/CMakeTmp'
/usr/bin/gmake  -f CMakeFiles/cmTC_32874.dir/build.make CMakeFiles/cmTC_32874.dir/build
gmake[4]: Entering directory '/home/apaaris/comp/project1_handout/heun_timestep/build/Eigen-prefix/src/Eigen-build/CMakeFiles/CMakeTmp'
Building C object CMakeFiles/cmTC_32874.dir/src.c.o
/usr/bin/cc -DCMAKE_HAVE_LIBC_PTHREAD   -o CMakeFiles/cmTC_32874.dir/src.c.o -c /home/apaaris/comp/project1_handout/heun_timestep/build/Eigen-prefix/src/Eigen-build/CMakeFiles/CMakeTmp/src.c
Linking C executable cmTC_32874
/usr/bin/cmake -E cmake_link_script CMakeFiles/cmTC_32874.dir/link.txt --verbose=1
/usr/bin/cc -rdynamic CMakeFiles/cmTC_32874.dir/src.c.o -o cmTC_32874 
/usr/bin/ld: CMakeFiles/cmTC_32874.dir/src.c.o: in function `main':
src.c:(.text+0x2d): undefined reference to `pthread_create'
/usr/bin/ld: src.c:(.text+0x39): undefined reference to `pthread_detach'
/usr/bin/ld: src.c:(.text+0x45): undefined reference to `pthread_cancel'
/usr/bin/ld: src.c:(.text+0x56): undefined reference to `pthread_join'
collect2: error: ld returned 1 exit status
gmake[4]: *** [CMakeFiles/cmTC_32874.dir/build.make:99: cmTC_32874] Error 1
gmake[4]: Leaving directory '/home/apaaris/comp/project1_handout/heun_timestep/build/Eigen-prefix/src/Eigen-build/CMakeFiles/CMakeTmp'
gmake[3]: *** [Makefile:127: cmTC_32874/fast] Error 2
gmake[3]: Leaving directory '/home/apaaris/comp/project1_handout/heun_timestep/build/Eigen-prefix/src/Eigen-build/CMakeFiles/CMakeTmp'


Source file was:
#include <pthread.h>

static void* test_func(void* data)
{
  return data;
}

int main(void)
{
  pthread_t thread;
  pthread_create(&thread, NULL, test_func, NULL);
  pthread_detach(thread);
  pthread_cancel(thread);
  pthread_join(thread, NULL);
  pthread_atfork(NULL, NULL, NULL);
  pthread_exit(NULL);

  return 0;
}

Determining if the function pthread_create exists in the pthreads failed with the following output:
Change Dir: /home/apaaris/comp/project1_handout/heun_timestep/build/Eigen-prefix/src/Eigen-build/CMakeFiles/CMakeTmp

Run Build Command(s):/usr/bin/gmake -f Makefile cmTC_5ee47/fast && gmake[3]: Entering directory '/home/apaaris/comp/project1_handout/heun_timestep/build/Eigen-prefix/src/Eigen-build/CMakeFiles/CMakeTmp'
/usr/bin/gmake  -f CMakeFiles/cmTC_5ee47.dir/build.make CMakeFiles/cmTC_5ee47.dir/build
gmake[4]: Entering directory '/home/apaaris/comp/project1_handout/heun_timestep/build/Eigen-prefix/src/Eigen-build/CMakeFiles/CMakeTmp'
Building C object CMakeFiles/cmTC_5ee47.dir/CheckFunctionExists.c.o
/usr/bin/cc   -DCHECK_FUNCTION_EXISTS=pthread_create -o CMakeFiles/cmTC_5ee47.dir/CheckFunctionExists.c.o -c /usr/share/cmake/Modules/CheckFunctionExists.c
Linking C executable cmTC_5ee47
/usr/bin/cmake -E cmake_link_script CMakeFiles/cmTC_5ee47.dir/link.txt --verbose=1
/usr/bin/cc  -DCHECK_FUNCTION_EXISTS=pthread_create -rdynamic CMakeFiles/cmTC_5ee47.dir/CheckFunctionExists.c.o -o cmTC_5ee47  -lpthreads 
/usr/bin/ld: cannot find -lpthreads
collect2: error: ld returned 1 exit status
gmake[4]: *** [CMakeFiles/cmTC_5ee47.dir/build.make:99: cmTC_5ee47] Error 1
gmake[4]: Leaving directory '/home/apaaris/comp/project1_handout/heun_timestep/build/Eigen-prefix/src/Eigen-build/CMakeFiles/CMakeTmp'
gmake[3]: *** [Makefile:127: cmTC_5ee47/fast] Error 2
gmake[3]: Leaving directory '/home/apaaris/comp/project1_handout/heun_timestep/build/Eigen-prefix/src/Eigen-build/CMakeFiles/CMakeTmp'



