Performing C++ SOURCE FILE Test COMPILER_SUPPORT_Wshorten64to32 failed with the following output:
Change Dir: /home/apaaris/eth/comp/serie3/2d-FD_pure/build/Eigen-prefix/src/Eigen-build/CMakeFiles/CMakeTmp

Run Build Command(s):/usr/bin/make cmTC_8422b/fast && make[3]: Entering directory '/home/apaaris/eth/comp/serie3/2d-FD_pure/build/Eigen-prefix/src/Eigen-build/CMakeFiles/CMakeTmp'
/usr/bin/make -f CMakeFiles/cmTC_8422b.dir/build.make CMakeFiles/cmTC_8422b.dir/build
make[4]: Entering directory '/home/apaaris/eth/comp/serie3/2d-FD_pure/build/Eigen-prefix/src/Eigen-build/CMakeFiles/CMakeTmp'
Building CXX object CMakeFiles/cmTC_8422b.dir/src.cxx.o
/usr/bin/c++    -std=c++03 -pedantic -Wall -Wextra -Wundef -Wcast-align -Wchar-subscripts -Wnon-virtual-dtor -Wunused-local-typedefs -Wpointer-arith -Wwrite-strings -Wformat-security -DCOMPILER_SUPPORT_Wshorten64to32 -Werror   -Wshorten-64-to-32 -o CMakeFiles/cmTC_8422b.dir/src.cxx.o -c /home/apaaris/eth/comp/serie3/2d-FD_pure/build/Eigen-prefix/src/Eigen-build/CMakeFiles/CMakeTmp/src.cxx
c++: error: unrecognized command line option '-Wshorten-64-to-32'
make[4]: *** [CMakeFiles/cmTC_8422b.dir/build.make:66: CMakeFiles/cmTC_8422b.dir/src.cxx.o] Error 1
make[4]: Leaving directory '/home/apaaris/eth/comp/serie3/2d-FD_pure/build/Eigen-prefix/src/Eigen-build/CMakeFiles/CMakeTmp'
make[3]: *** [Makefile:121: cmTC_8422b/fast] Error 2
make[3]: Leaving directory '/home/apaaris/eth/comp/serie3/2d-FD_pure/build/Eigen-prefix/src/Eigen-build/CMakeFiles/CMakeTmp'


Source file was:
int main() { return 0; }
Performing C++ SOURCE FILE Test COMPILER_SUPPORT_Wenumconversion failed with the following output:
Change Dir: /home/apaaris/eth/comp/serie3/2d-FD_pure/build/Eigen-prefix/src/Eigen-build/CMakeFiles/CMakeTmp

Run Build Command(s):/usr/bin/make cmTC_aa5c1/fast && make[3]: Entering directory '/home/apaaris/eth/comp/serie3/2d-FD_pure/build/Eigen-prefix/src/Eigen-build/CMakeFiles/CMakeTmp'
/usr/bin/make -f CMakeFiles/cmTC_aa5c1.dir/build.make CMakeFiles/cmTC_aa5c1.dir/build
make[4]: Entering directory '/home/apaaris/eth/comp/serie3/2d-FD_pure/build/Eigen-prefix/src/Eigen-build/CMakeFiles/CMakeTmp'
Building CXX object CMakeFiles/cmTC_aa5c1.dir/src.cxx.o
/usr/bin/c++    -std=c++03 -pedantic -Wall -Wextra -Wundef -Wcast-align -Wchar-subscripts -Wnon-virtual-dtor -Wunused-local-typedefs -Wpointer-arith -Wwrite-strings -Wformat-security -Wlogical-op -DCOMPILER_SUPPORT_Wenumconversion -Werror   -Wenum-conversion -o CMakeFiles/cmTC_aa5c1.dir/src.cxx.o -c /home/apaaris/eth/comp/serie3/2d-FD_pure/build/Eigen-prefix/src/Eigen-build/CMakeFiles/CMakeTmp/src.cxx
c++: error: unrecognized command line option '-Wenum-conversion'; did you mean '-Wno-conversion'?
make[4]: *** [CMakeFiles/cmTC_aa5c1.dir/build.make:66: CMakeFiles/cmTC_aa5c1.dir/src.cxx.o] Error 1
make[4]: Leaving directory '/home/apaaris/eth/comp/serie3/2d-FD_pure/build/Eigen-prefix/src/Eigen-build/CMakeFiles/CMakeTmp'
make[3]: *** [Makefile:121: cmTC_aa5c1/fast] Error 2
make[3]: Leaving directory '/home/apaaris/eth/comp/serie3/2d-FD_pure/build/Eigen-prefix/src/Eigen-build/CMakeFiles/CMakeTmp'


Source file was:
int main() { return 0; }
Performing C++ SOURCE FILE Test COMPILER_SUPPORT_Wcpp11extensions failed with the following output:
Change Dir: /home/apaaris/eth/comp/serie3/2d-FD_pure/build/Eigen-prefix/src/Eigen-build/CMakeFiles/CMakeTmp

Run Build Command(s):/usr/bin/make cmTC_4f46f/fast && make[3]: Entering directory '/home/apaaris/eth/comp/serie3/2d-FD_pure/build/Eigen-prefix/src/Eigen-build/CMakeFiles/CMakeTmp'
/usr/bin/make -f CMakeFiles/cmTC_4f46f.dir/build.make CMakeFiles/cmTC_4f46f.dir/build
make[4]: Entering directory '/home/apaaris/eth/comp/serie3/2d-FD_pure/build/Eigen-prefix/src/Eigen-build/CMakeFiles/CMakeTmp'
Building CXX object CMakeFiles/cmTC_4f46f.dir/src.cxx.o
/usr/bin/c++    -std=c++03 -pedantic -Wall -Wextra -Wundef -Wcast-align -Wchar-subscripts -Wnon-virtual-dtor -Wunused-local-typedefs -Wpointer-arith -Wwrite-strings -Wformat-security -Wlogical-op -DCOMPILER_SUPPORT_Wcpp11extensions -Werror   -Wc++11-extensions -o CMakeFiles/cmTC_4f46f.dir/src.cxx.o -c /home/apaaris/eth/comp/serie3/2d-FD_pure/build/Eigen-prefix/src/Eigen-build/CMakeFiles/CMakeTmp/src.cxx
c++: error: unrecognized command line option '-Wc++11-extensions'; did you mean '-fms-extensions'?
make[4]: *** [CMakeFiles/cmTC_4f46f.dir/build.make:66: CMakeFiles/cmTC_4f46f.dir/src.cxx.o] Error 1
make[4]: Leaving directory '/home/apaaris/eth/comp/serie3/2d-FD_pure/build/Eigen-prefix/src/Eigen-build/CMakeFiles/CMakeTmp'
make[3]: *** [Makefile:121: cmTC_4f46f/fast] Error 2
make[3]: Leaving directory '/home/apaaris/eth/comp/serie3/2d-FD_pure/build/Eigen-prefix/src/Eigen-build/CMakeFiles/CMakeTmp'


Source file was:
int main() { return 0; }
Performing C++ SOURCE FILE Test COMPILER_SUPPORT_wd981 failed with the following output:
Change Dir: /home/apaaris/eth/comp/serie3/2d-FD_pure/build/Eigen-prefix/src/Eigen-build/CMakeFiles/CMakeTmp

Run Build Command(s):/usr/bin/make cmTC_21d5b/fast && make[3]: Entering directory '/home/apaaris/eth/comp/serie3/2d-FD_pure/build/Eigen-prefix/src/Eigen-build/CMakeFiles/CMakeTmp'
/usr/bin/make -f CMakeFiles/cmTC_21d5b.dir/build.make CMakeFiles/cmTC_21d5b.dir/build
make[4]: Entering directory '/home/apaaris/eth/comp/serie3/2d-FD_pure/build/Eigen-prefix/src/Eigen-build/CMakeFiles/CMakeTmp'
Building CXX object CMakeFiles/cmTC_21d5b.dir/src.cxx.o
/usr/bin/c++    -std=c++03 -pedantic -Wall -Wextra -Wundef -Wcast-align -Wchar-subscripts -Wnon-virtual-dtor -Wunused-local-typedefs -Wpointer-arith -Wwrite-strings -Wformat-security -Wlogical-op -Wdouble-promotion -Wno-psabi -Wno-variadic-macros -Wno-long-long -fno-check-new -fno-common -fstrict-aliasing -DCOMPILER_SUPPORT_wd981 -Werror   -wd981 -o CMakeFiles/cmTC_21d5b.dir/src.cxx.o -c /home/apaaris/eth/comp/serie3/2d-FD_pure/build/Eigen-prefix/src/Eigen-build/CMakeFiles/CMakeTmp/src.cxx
c++: error: unrecognized command line option '-wd981'
make[4]: *** [CMakeFiles/cmTC_21d5b.dir/build.make:66: CMakeFiles/cmTC_21d5b.dir/src.cxx.o] Error 1
make[4]: Leaving directory '/home/apaaris/eth/comp/serie3/2d-FD_pure/build/Eigen-prefix/src/Eigen-build/CMakeFiles/CMakeTmp'
make[3]: *** [Makefile:121: cmTC_21d5b/fast] Error 2
make[3]: Leaving directory '/home/apaaris/eth/comp/serie3/2d-FD_pure/build/Eigen-prefix/src/Eigen-build/CMakeFiles/CMakeTmp'


Source file was:
int main() { return 0; }
Performing C++ SOURCE FILE Test COMPILER_SUPPORT_wd2304 failed with the following output:
Change Dir: /home/apaaris/eth/comp/serie3/2d-FD_pure/build/Eigen-prefix/src/Eigen-build/CMakeFiles/CMakeTmp

Run Build Command(s):/usr/bin/make cmTC_61077/fast && make[3]: Entering directory '/home/apaaris/eth/comp/serie3/2d-FD_pure/build/Eigen-prefix/src/Eigen-build/CMakeFiles/CMakeTmp'
/usr/bin/make -f CMakeFiles/cmTC_61077.dir/build.make CMakeFiles/cmTC_61077.dir/build
make[4]: Entering directory '/home/apaaris/eth/comp/serie3/2d-FD_pure/build/Eigen-prefix/src/Eigen-build/CMakeFiles/CMakeTmp'
Building CXX object CMakeFiles/cmTC_61077.dir/src.cxx.o
/usr/bin/c++    -std=c++03 -pedantic -Wall -Wextra -Wundef -Wcast-align -Wchar-subscripts -Wnon-virtual-dtor -Wunused-local-typedefs -Wpointer-arith -Wwrite-strings -Wformat-security -Wlogical-op -Wdouble-promotion -Wno-psabi -Wno-variadic-macros -Wno-long-long -fno-check-new -fno-common -fstrict-aliasing -DCOMPILER_SUPPORT_wd2304 -Werror   -wd2304 -o CMakeFiles/cmTC_61077.dir/src.cxx.o -c /home/apaaris/eth/comp/serie3/2d-FD_pure/build/Eigen-prefix/src/Eigen-build/CMakeFiles/CMakeTmp/src.cxx
c++: error: unrecognized command line option '-wd2304'
make[4]: *** [CMakeFiles/cmTC_61077.dir/build.make:66: CMakeFiles/cmTC_61077.dir/src.cxx.o] Error 1
make[4]: Leaving directory '/home/apaaris/eth/comp/serie3/2d-FD_pure/build/Eigen-prefix/src/Eigen-build/CMakeFiles/CMakeTmp'
make[3]: *** [Makefile:121: cmTC_61077/fast] Error 2
make[3]: Leaving directory '/home/apaaris/eth/comp/serie3/2d-FD_pure/build/Eigen-prefix/src/Eigen-build/CMakeFiles/CMakeTmp'


Source file was:
int main() { return 0; }
Performing C++ SOURCE FILE Test COMPILER_SUPPORT_STRICTANSI failed with the following output:
Change Dir: /home/apaaris/eth/comp/serie3/2d-FD_pure/build/Eigen-prefix/src/Eigen-build/CMakeFiles/CMakeTmp

Run Build Command(s):/usr/bin/make cmTC_2660c/fast && make[3]: Entering directory '/home/apaaris/eth/comp/serie3/2d-FD_pure/build/Eigen-prefix/src/Eigen-build/CMakeFiles/CMakeTmp'
/usr/bin/make -f CMakeFiles/cmTC_2660c.dir/build.make CMakeFiles/cmTC_2660c.dir/build
make[4]: Entering directory '/home/apaaris/eth/comp/serie3/2d-FD_pure/build/Eigen-prefix/src/Eigen-build/CMakeFiles/CMakeTmp'
Building CXX object CMakeFiles/cmTC_2660c.dir/src.cxx.o
/usr/bin/c++    -std=c++03 -pedantic -Wall -Wextra -Wundef -Wcast-align -Wchar-subscripts -Wnon-virtual-dtor -Wunused-local-typedefs -Wpointer-arith -Wwrite-strings -Wformat-security -Wlogical-op -Wdouble-promotion -Wno-psabi -Wno-variadic-macros -Wno-long-long -fno-check-new -fno-common -fstrict-aliasing -DCOMPILER_SUPPORT_STRICTANSI -Werror   -strict-ansi -o CMakeFiles/cmTC_2660c.dir/src.cxx.o -c /home/apaaris/eth/comp/serie3/2d-FD_pure/build/Eigen-prefix/src/Eigen-build/CMakeFiles/CMakeTmp/src.cxx
c++: error: unrecognized command line option '-strict-ansi'; did you mean '-fstrict-enums'?
make[4]: *** [CMakeFiles/cmTC_2660c.dir/build.make:66: CMakeFiles/cmTC_2660c.dir/src.cxx.o] Error 1
make[4]: Leaving directory '/home/apaaris/eth/comp/serie3/2d-FD_pure/build/Eigen-prefix/src/Eigen-build/CMakeFiles/CMakeTmp'
make[3]: *** [Makefile:121: cmTC_2660c/fast] Error 2
make[3]: Leaving directory '/home/apaaris/eth/comp/serie3/2d-FD_pure/build/Eigen-prefix/src/Eigen-build/CMakeFiles/CMakeTmp'


Source file was:
int main() { return 0; }
Performing C++ SOURCE FILE Test COMPILER_SUPPORT_Qunusedarguments failed with the following output:
Change Dir: /home/apaaris/eth/comp/serie3/2d-FD_pure/build/Eigen-prefix/src/Eigen-build/CMakeFiles/CMakeTmp

Run Build Command(s):/usr/bin/make cmTC_bb5b5/fast && make[3]: Entering directory '/home/apaaris/eth/comp/serie3/2d-FD_pure/build/Eigen-prefix/src/Eigen-build/CMakeFiles/CMakeTmp'
/usr/bin/make -f CMakeFiles/cmTC_bb5b5.dir/build.make CMakeFiles/cmTC_bb5b5.dir/build
make[4]: Entering directory '/home/apaaris/eth/comp/serie3/2d-FD_pure/build/Eigen-prefix/src/Eigen-build/CMakeFiles/CMakeTmp'
Building CXX object CMakeFiles/cmTC_bb5b5.dir/src.cxx.o
/usr/bin/c++    -std=c++03 -pedantic -Wall -Wextra -Wundef -Wcast-align -Wchar-subscripts -Wnon-virtual-dtor -Wunused-local-typedefs -Wpointer-arith -Wwrite-strings -Wformat-security -Wlogical-op -Wdouble-promotion -Wno-psabi -Wno-variadic-macros -Wno-long-long -fno-check-new -fno-common -fstrict-aliasing -DCOMPILER_SUPPORT_Qunusedarguments -Werror   -Qunused-arguments -o CMakeFiles/cmTC_bb5b5.dir/src.cxx.o -c /home/apaaris/eth/comp/serie3/2d-FD_pure/build/Eigen-prefix/src/Eigen-build/CMakeFiles/CMakeTmp/src.cxx
c++: error: unrecognized command line option '-Qunused-arguments'
make[4]: *** [CMakeFiles/cmTC_bb5b5.dir/build.make:66: CMakeFiles/cmTC_bb5b5.dir/src.cxx.o] Error 1
make[4]: Leaving directory '/home/apaaris/eth/comp/serie3/2d-FD_pure/build/Eigen-prefix/src/Eigen-build/CMakeFiles/CMakeTmp'
make[3]: *** [Makefile:121: cmTC_bb5b5/fast] Error 2
make[3]: Leaving directory '/home/apaaris/eth/comp/serie3/2d-FD_pure/build/Eigen-prefix/src/Eigen-build/CMakeFiles/CMakeTmp'


Source file was:
int main() { return 0; }
Performing C SOURCE FILE Test CMAKE_HAVE_LIBC_PTHREAD failed with the following output:
Change Dir: /home/apaaris/eth/comp/serie3/2d-FD_pure/build/Eigen-prefix/src/Eigen-build/CMakeFiles/CMakeTmp

Run Build Command(s):/usr/bin/make cmTC_4d236/fast && make[3]: Entering directory '/home/apaaris/eth/comp/serie3/2d-FD_pure/build/Eigen-prefix/src/Eigen-build/CMakeFiles/CMakeTmp'
/usr/bin/make -f CMakeFiles/cmTC_4d236.dir/build.make CMakeFiles/cmTC_4d236.dir/build
make[4]: Entering directory '/home/apaaris/eth/comp/serie3/2d-FD_pure/build/Eigen-prefix/src/Eigen-build/CMakeFiles/CMakeTmp'
Building C object CMakeFiles/cmTC_4d236.dir/src.c.o
/usr/bin/cc   -DCMAKE_HAVE_LIBC_PTHREAD   -o CMakeFiles/cmTC_4d236.dir/src.c.o   -c /home/apaaris/eth/comp/serie3/2d-FD_pure/build/Eigen-prefix/src/Eigen-build/CMakeFiles/CMakeTmp/src.c
Linking C executable cmTC_4d236
/usr/bin/cmake -E cmake_link_script CMakeFiles/cmTC_4d236.dir/link.txt --verbose=1
/usr/bin/cc  -DCMAKE_HAVE_LIBC_PTHREAD    -rdynamic CMakeFiles/cmTC_4d236.dir/src.c.o  -o cmTC_4d236 
/usr/bin/ld: CMakeFiles/cmTC_4d236.dir/src.c.o: in function `main':
src.c:(.text+0x46): undefined reference to `pthread_create'
/usr/bin/ld: src.c:(.text+0x52): undefined reference to `pthread_detach'
/usr/bin/ld: src.c:(.text+0x63): undefined reference to `pthread_join'
collect2: error: ld returned 1 exit status
make[4]: *** [CMakeFiles/cmTC_4d236.dir/build.make:87: cmTC_4d236] Error 1
make[4]: Leaving directory '/home/apaaris/eth/comp/serie3/2d-FD_pure/build/Eigen-prefix/src/Eigen-build/CMakeFiles/CMakeTmp'
make[3]: *** [Makefile:121: cmTC_4d236/fast] Error 2
make[3]: Leaving directory '/home/apaaris/eth/comp/serie3/2d-FD_pure/build/Eigen-prefix/src/Eigen-build/CMakeFiles/CMakeTmp'


Source file was:
#include <pthread.h>

void* test_func(void* data)
{
  return data;
}

int main(void)
{
  pthread_t thread;
  pthread_create(&thread, NULL, test_func, NULL);
  pthread_detach(thread);
  pthread_join(thread, NULL);
  pthread_atfork(NULL, NULL, NULL);
  pthread_exit(NULL);

  return 0;
}

Determining if the function pthread_create exists in the pthreads failed with the following output:
Change Dir: /home/apaaris/eth/comp/serie3/2d-FD_pure/build/Eigen-prefix/src/Eigen-build/CMakeFiles/CMakeTmp

Run Build Command(s):/usr/bin/make cmTC_c365d/fast && make[3]: Entering directory '/home/apaaris/eth/comp/serie3/2d-FD_pure/build/Eigen-prefix/src/Eigen-build/CMakeFiles/CMakeTmp'
/usr/bin/make -f CMakeFiles/cmTC_c365d.dir/build.make CMakeFiles/cmTC_c365d.dir/build
make[4]: Entering directory '/home/apaaris/eth/comp/serie3/2d-FD_pure/build/Eigen-prefix/src/Eigen-build/CMakeFiles/CMakeTmp'
Building C object CMakeFiles/cmTC_c365d.dir/CheckFunctionExists.c.o
/usr/bin/cc   -DCHECK_FUNCTION_EXISTS=pthread_create   -o CMakeFiles/cmTC_c365d.dir/CheckFunctionExists.c.o   -c /usr/share/cmake-3.16/Modules/CheckFunctionExists.c
Linking C executable cmTC_c365d
/usr/bin/cmake -E cmake_link_script CMakeFiles/cmTC_c365d.dir/link.txt --verbose=1
/usr/bin/cc  -DCHECK_FUNCTION_EXISTS=pthread_create    -rdynamic CMakeFiles/cmTC_c365d.dir/CheckFunctionExists.c.o  -o cmTC_c365d  -lpthreads 
/usr/bin/ld: cannot find -lpthreads
collect2: error: ld returned 1 exit status
make[4]: *** [CMakeFiles/cmTC_c365d.dir/build.make:87: cmTC_c365d] Error 1
make[4]: Leaving directory '/home/apaaris/eth/comp/serie3/2d-FD_pure/build/Eigen-prefix/src/Eigen-build/CMakeFiles/CMakeTmp'
make[3]: *** [Makefile:121: cmTC_c365d/fast] Error 2
make[3]: Leaving directory '/home/apaaris/eth/comp/serie3/2d-FD_pure/build/Eigen-prefix/src/Eigen-build/CMakeFiles/CMakeTmp'



